\BOOKMARK [0][-]{chapter.1}{\376\377\0001\000\040\000R\000E\000A\000D\000M\000E}{}% 1
\BOOKMARK [0][-]{chapter.2}{\376\377\0002\000\040\000H\000i\000e\000r\000a\000r\000c\000h\000i\000c\000a\000l\000\040\000I\000n\000d\000e\000x}{}% 2
\BOOKMARK [1][-]{section.2.1}{\376\377\0002\000.\0001\000\040\000C\000l\000a\000s\000s\000\040\000H\000i\000e\000r\000a\000r\000c\000h\000y}{chapter.2}% 3
\BOOKMARK [0][-]{chapter.3}{\376\377\0003\000\040\000C\000l\000a\000s\000s\000\040\000I\000n\000d\000e\000x}{}% 4
\BOOKMARK [1][-]{section.3.1}{\376\377\0003\000.\0001\000\040\000C\000l\000a\000s\000s\000\040\000L\000i\000s\000t}{chapter.3}% 5
\BOOKMARK [0][-]{chapter.4}{\376\377\0004\000\040\000F\000i\000l\000e\000\040\000I\000n\000d\000e\000x}{}% 6
\BOOKMARK [1][-]{section.4.1}{\376\377\0004\000.\0001\000\040\000F\000i\000l\000e\000\040\000L\000i\000s\000t}{chapter.4}% 7
\BOOKMARK [0][-]{chapter.5}{\376\377\0005\000\040\000C\000l\000a\000s\000s\000\040\000D\000o\000c\000u\000m\000e\000n\000t\000a\000t\000i\000o\000n}{}% 8
\BOOKMARK [1][-]{section.5.1}{\376\377\0005\000.\0001\000\040\000A\000r\000m\000o\000r\000y\000\040\000C\000l\000a\000s\000s\000\040\000R\000e\000f\000e\000r\000e\000n\000c\000e}{chapter.5}% 9
\BOOKMARK [2][-]{subsection.5.1.1}{\376\377\0005\000.\0001\000.\0001\000\040\000D\000e\000t\000a\000i\000l\000e\000d\000\040\000D\000e\000s\000c\000r\000i\000p\000t\000i\000o\000n}{section.5.1}% 10
\BOOKMARK [2][-]{subsection.5.1.2}{\376\377\0005\000.\0001\000.\0002\000\040\000C\000o\000n\000s\000t\000r\000u\000c\000t\000o\000r\000\040\000\046\000\040\000D\000e\000s\000t\000r\000u\000c\000t\000o\000r\000\040\000D\000o\000c\000u\000m\000e\000n\000t\000a\000t\000i\000o\000n}{section.5.1}% 11
\BOOKMARK [3][-]{subsubsection.5.1.2.1}{\376\377\0005\000.\0001\000.\0002\000.\0001\000\040\000A\000r\000m\000o\000r\000y\000\050\000\051}{subsection.5.1.2}% 12
\BOOKMARK [3][-]{subsubsection.5.1.2.2}{\376\377\0005\000.\0001\000.\0002\000.\0002\000\040\000\040\000A\000r\000m\000o\000r\000y\000\050\000\051}{subsection.5.1.2}% 13
\BOOKMARK [1][-]{section.5.2}{\376\377\0005\000.\0002\000\040\000B\000a\000t\000t\000l\000e\000s\000h\000i\000p\000\040\000C\000l\000a\000s\000s\000\040\000R\000e\000f\000e\000r\000e\000n\000c\000e}{chapter.5}% 14
\BOOKMARK [2][-]{subsection.5.2.1}{\376\377\0005\000.\0002\000.\0001\000\040\000D\000e\000t\000a\000i\000l\000e\000d\000\040\000D\000e\000s\000c\000r\000i\000p\000t\000i\000o\000n}{section.5.2}% 15
\BOOKMARK [2][-]{subsection.5.2.2}{\376\377\0005\000.\0002\000.\0002\000\040\000C\000o\000n\000s\000t\000r\000u\000c\000t\000o\000r\000\040\000\046\000\040\000D\000e\000s\000t\000r\000u\000c\000t\000o\000r\000\040\000D\000o\000c\000u\000m\000e\000n\000t\000a\000t\000i\000o\000n}{section.5.2}% 16
\BOOKMARK [3][-]{subsubsection.5.2.2.1}{\376\377\0005\000.\0002\000.\0002\000.\0001\000\040\000B\000a\000t\000t\000l\000e\000s\000h\000i\000p\000\050\000\051}{subsection.5.2.2}% 17
\BOOKMARK [3][-]{subsubsection.5.2.2.2}{\376\377\0005\000.\0002\000.\0002\000.\0002\000\040\000\040\000B\000a\000t\000t\000l\000e\000s\000h\000i\000p\000\050\000\051}{subsection.5.2.2}% 18
\BOOKMARK [2][-]{subsection.5.2.3}{\376\377\0005\000.\0002\000.\0003\000\040\000M\000e\000m\000b\000e\000r\000\040\000F\000u\000n\000c\000t\000i\000o\000n\000\040\000D\000o\000c\000u\000m\000e\000n\000t\000a\000t\000i\000o\000n}{section.5.2}% 19
\BOOKMARK [3][-]{subsubsection.5.2.3.1}{\376\377\0005\000.\0002\000.\0003\000.\0001\000\040\000a\000d\000d\000C\000o\000m\000p\000o\000n\000e\000n\000t\000\050\000\051}{subsection.5.2.3}% 20
\BOOKMARK [1][-]{section.5.3}{\376\377\0005\000.\0003\000\040\000B\000a\000t\000t\000l\000e\000s\000h\000i\000p\000F\000a\000c\000t\000o\000r\000y\000\040\000C\000l\000a\000s\000s\000\040\000R\000e\000f\000e\000r\000e\000n\000c\000e}{chapter.5}% 21
\BOOKMARK [2][-]{subsection.5.3.1}{\376\377\0005\000.\0003\000.\0001\000\040\000D\000e\000t\000a\000i\000l\000e\000d\000\040\000D\000e\000s\000c\000r\000i\000p\000t\000i\000o\000n}{section.5.3}% 22
\BOOKMARK [2][-]{subsection.5.3.2}{\376\377\0005\000.\0003\000.\0002\000\040\000C\000o\000n\000s\000t\000r\000u\000c\000t\000o\000r\000\040\000\046\000\040\000D\000e\000s\000t\000r\000u\000c\000t\000o\000r\000\040\000D\000o\000c\000u\000m\000e\000n\000t\000a\000t\000i\000o\000n}{section.5.3}% 23
\BOOKMARK [3][-]{subsubsection.5.3.2.1}{\376\377\0005\000.\0003\000.\0002\000.\0001\000\040\000B\000a\000t\000t\000l\000e\000s\000h\000i\000p\000F\000a\000c\000t\000o\000r\000y\000\050\000\051}{subsection.5.3.2}% 24
\BOOKMARK [3][-]{subsubsection.5.3.2.2}{\376\377\0005\000.\0003\000.\0002\000.\0002\000\040\000\040\000B\000a\000t\000t\000l\000e\000s\000h\000i\000p\000F\000a\000c\000t\000o\000r\000y\000\050\000\051}{subsection.5.3.2}% 25
\BOOKMARK [2][-]{subsection.5.3.3}{\376\377\0005\000.\0003\000.\0003\000\040\000M\000e\000m\000b\000e\000r\000\040\000F\000u\000n\000c\000t\000i\000o\000n\000\040\000D\000o\000c\000u\000m\000e\000n\000t\000a\000t\000i\000o\000n}{section.5.3}% 26
\BOOKMARK [3][-]{subsubsection.5.3.3.1}{\376\377\0005\000.\0003\000.\0003\000.\0001\000\040\000s\000p\000a\000c\000e\000S\000h\000i\000p\000F\000a\000c\000t\000o\000r\000y\000M\000e\000t\000h\000o\000d\000\050\000\051}{subsection.5.3.3}% 27
\BOOKMARK [1][-]{section.5.4}{\376\377\0005\000.\0004\000\040\000B\000r\000i\000d\000g\000e\000\040\000C\000l\000a\000s\000s\000\040\000R\000e\000f\000e\000r\000e\000n\000c\000e}{chapter.5}% 28
\BOOKMARK [2][-]{subsection.5.4.1}{\376\377\0005\000.\0004\000.\0001\000\040\000D\000e\000t\000a\000i\000l\000e\000d\000\040\000D\000e\000s\000c\000r\000i\000p\000t\000i\000o\000n}{section.5.4}% 29
\BOOKMARK [2][-]{subsection.5.4.2}{\376\377\0005\000.\0004\000.\0002\000\040\000C\000o\000n\000s\000t\000r\000u\000c\000t\000o\000r\000\040\000\046\000\040\000D\000e\000s\000t\000r\000u\000c\000t\000o\000r\000\040\000D\000o\000c\000u\000m\000e\000n\000t\000a\000t\000i\000o\000n}{section.5.4}% 30
\BOOKMARK [3][-]{subsubsection.5.4.2.1}{\376\377\0005\000.\0004\000.\0002\000.\0001\000\040\000B\000r\000i\000d\000g\000e\000\050\000\051}{subsection.5.4.2}% 31
\BOOKMARK [3][-]{subsubsection.5.4.2.2}{\376\377\0005\000.\0004\000.\0002\000.\0002\000\040\000\040\000B\000r\000i\000d\000g\000e\000\050\000\051}{subsection.5.4.2}% 32
\BOOKMARK [2][-]{subsection.5.4.3}{\376\377\0005\000.\0004\000.\0003\000\040\000M\000e\000m\000b\000e\000r\000\040\000F\000u\000n\000c\000t\000i\000o\000n\000\040\000D\000o\000c\000u\000m\000e\000n\000t\000a\000t\000i\000o\000n}{section.5.4}% 33
\BOOKMARK [3][-]{subsubsection.5.4.3.1}{\376\377\0005\000.\0004\000.\0003\000.\0001\000\040\000g\000e\000t\000R\000e\000s\000o\000u\000r\000c\000e\000s\000\050\000\051}{subsection.5.4.3}% 34
\BOOKMARK [1][-]{section.5.5}{\376\377\0005\000.\0005\000\040\000C\000a\000p\000t\000a\000i\000n\000\040\000C\000l\000a\000s\000s\000\040\000R\000e\000f\000e\000r\000e\000n\000c\000e}{chapter.5}% 35
\BOOKMARK [2][-]{subsection.5.5.1}{\376\377\0005\000.\0005\000.\0001\000\040\000D\000e\000t\000a\000i\000l\000e\000d\000\040\000D\000e\000s\000c\000r\000i\000p\000t\000i\000o\000n}{section.5.5}% 36
\BOOKMARK [2][-]{subsection.5.5.2}{\376\377\0005\000.\0005\000.\0002\000\040\000C\000o\000n\000s\000t\000r\000u\000c\000t\000o\000r\000\040\000\046\000\040\000D\000e\000s\000t\000r\000u\000c\000t\000o\000r\000\040\000D\000o\000c\000u\000m\000e\000n\000t\000a\000t\000i\000o\000n}{section.5.5}% 37
\BOOKMARK [3][-]{subsubsection.5.5.2.1}{\376\377\0005\000.\0005\000.\0002\000.\0001\000\040\000C\000a\000p\000t\000a\000i\000n\000\050\000\051}{subsection.5.5.2}% 38
\BOOKMARK [3][-]{subsubsection.5.5.2.2}{\376\377\0005\000.\0005\000.\0002\000.\0002\000\040\000\040\000C\000a\000p\000t\000a\000i\000n\000\050\000\051}{subsection.5.5.2}% 39
\BOOKMARK [2][-]{subsection.5.5.3}{\376\377\0005\000.\0005\000.\0003\000\040\000M\000e\000m\000b\000e\000r\000\040\000F\000u\000n\000c\000t\000i\000o\000n\000\040\000D\000o\000c\000u\000m\000e\000n\000t\000a\000t\000i\000o\000n}{section.5.5}% 40
\BOOKMARK [3][-]{subsubsection.5.5.3.1}{\376\377\0005\000.\0005\000.\0003\000.\0001\000\040\000r\000e\000c\000i\000e\000v\000e\000S\000p\000a\000c\000e\000s\000h\000i\000p\000E\000r\000r\000o\000r\000\050\000\051}{subsection.5.5.3}% 41
\BOOKMARK [3][-]{subsubsection.5.5.3.2}{\376\377\0005\000.\0005\000.\0003\000.\0002\000\040\000s\000e\000n\000d\000E\000r\000r\000o\000r\000M\000e\000s\000s\000a\000g\000e\000\050\000\051}{subsection.5.5.3}% 42
\BOOKMARK [1][-]{section.5.6}{\376\377\0005\000.\0006\000\040\000C\000a\000p\000t\000a\000i\000n\000F\000a\000c\000t\000o\000r\000y\000\040\000C\000l\000a\000s\000s\000\040\000R\000e\000f\000e\000r\000e\000n\000c\000e}{chapter.5}% 43
\BOOKMARK [2][-]{subsection.5.6.1}{\376\377\0005\000.\0006\000.\0001\000\040\000D\000e\000t\000a\000i\000l\000e\000d\000\040\000D\000e\000s\000c\000r\000i\000p\000t\000i\000o\000n}{section.5.6}% 44
\BOOKMARK [2][-]{subsection.5.6.2}{\376\377\0005\000.\0006\000.\0002\000\040\000C\000o\000n\000s\000t\000r\000u\000c\000t\000o\000r\000\040\000\046\000\040\000D\000e\000s\000t\000r\000u\000c\000t\000o\000r\000\040\000D\000o\000c\000u\000m\000e\000n\000t\000a\000t\000i\000o\000n}{section.5.6}% 45
\BOOKMARK [3][-]{subsubsection.5.6.2.1}{\376\377\0005\000.\0006\000.\0002\000.\0001\000\040\000C\000a\000p\000t\000a\000i\000n\000F\000a\000c\000t\000o\000r\000y\000\050\000\051}{subsection.5.6.2}% 46
\BOOKMARK [3][-]{subsubsection.5.6.2.2}{\376\377\0005\000.\0006\000.\0002\000.\0002\000\040\000\040\000C\000a\000p\000t\000a\000i\000n\000F\000a\000c\000t\000o\000r\000y\000\050\000\051}{subsection.5.6.2}% 47
\BOOKMARK [1][-]{section.5.7}{\376\377\0005\000.\0007\000\040\000C\000a\000p\000t\000a\000i\000n\000s\000L\000o\000g\000\040\000C\000l\000a\000s\000s\000\040\000R\000e\000f\000e\000r\000e\000n\000c\000e}{chapter.5}% 48
\BOOKMARK [2][-]{subsection.5.7.1}{\376\377\0005\000.\0007\000.\0001\000\040\000D\000e\000t\000a\000i\000l\000e\000d\000\040\000D\000e\000s\000c\000r\000i\000p\000t\000i\000o\000n}{section.5.7}% 49
\BOOKMARK [2][-]{subsection.5.7.2}{\376\377\0005\000.\0007\000.\0002\000\040\000C\000o\000n\000s\000t\000r\000u\000c\000t\000o\000r\000\040\000\046\000\040\000D\000e\000s\000t\000r\000u\000c\000t\000o\000r\000\040\000D\000o\000c\000u\000m\000e\000n\000t\000a\000t\000i\000o\000n}{section.5.7}% 50
\BOOKMARK [3][-]{subsubsection.5.7.2.1}{\376\377\0005\000.\0007\000.\0002\000.\0001\000\040\000C\000a\000p\000t\000a\000i\000n\000s\000L\000o\000g\000\050\000\051}{subsection.5.7.2}% 51
\BOOKMARK [3][-]{subsubsection.5.7.2.2}{\376\377\0005\000.\0007\000.\0002\000.\0002\000\040\000\040\000C\000a\000p\000t\000a\000i\000n\000s\000L\000o\000g\000\050\000\051}{subsection.5.7.2}% 52
\BOOKMARK [2][-]{subsection.5.7.3}{\376\377\0005\000.\0007\000.\0003\000\040\000M\000e\000m\000b\000e\000r\000\040\000F\000u\000n\000c\000t\000i\000o\000n\000\040\000D\000o\000c\000u\000m\000e\000n\000t\000a\000t\000i\000o\000n}{section.5.7}% 53
\BOOKMARK [3][-]{subsubsection.5.7.3.1}{\376\377\0005\000.\0007\000.\0003\000.\0001\000\040\000l\000o\000g\000E\000v\000e\000n\000t\000\050\000\051}{subsection.5.7.3}% 54
\BOOKMARK [3][-]{subsubsection.5.7.3.2}{\376\377\0005\000.\0007\000.\0003\000.\0002\000\040\000p\000r\000i\000n\000t\000L\000o\000g\000s\000\050\000\051}{subsection.5.7.3}% 55
\BOOKMARK [1][-]{section.5.8}{\376\377\0005\000.\0008\000\040\000C\000a\000r\000e\000t\000a\000k\000e\000r\000\040\000C\000l\000a\000s\000s\000\040\000R\000e\000f\000e\000r\000e\000n\000c\000e}{chapter.5}% 56
\BOOKMARK [2][-]{subsection.5.8.1}{\376\377\0005\000.\0008\000.\0001\000\040\000D\000e\000t\000a\000i\000l\000e\000d\000\040\000D\000e\000s\000c\000r\000i\000p\000t\000i\000o\000n}{section.5.8}% 57
\BOOKMARK [2][-]{subsection.5.8.2}{\376\377\0005\000.\0008\000.\0002\000\040\000C\000o\000n\000s\000t\000r\000u\000c\000t\000o\000r\000\040\000\046\000\040\000D\000e\000s\000t\000r\000u\000c\000t\000o\000r\000\040\000D\000o\000c\000u\000m\000e\000n\000t\000a\000t\000i\000o\000n}{section.5.8}% 58
\BOOKMARK [3][-]{subsubsection.5.8.2.1}{\376\377\0005\000.\0008\000.\0002\000.\0001\000\040\000\040\000C\000a\000r\000e\000t\000a\000k\000e\000r\000\050\000\051}{subsection.5.8.2}% 59
\BOOKMARK [2][-]{subsection.5.8.3}{\376\377\0005\000.\0008\000.\0003\000\040\000M\000e\000m\000b\000e\000r\000\040\000F\000u\000n\000c\000t\000i\000o\000n\000\040\000D\000o\000c\000u\000m\000e\000n\000t\000a\000t\000i\000o\000n}{section.5.8}% 60
\BOOKMARK [3][-]{subsubsection.5.8.3.1}{\376\377\0005\000.\0008\000.\0003\000.\0001\000\040\000r\000e\000t\000r\000e\000i\000v\000e\000M\000e\000m\000e\000n\000t\000o\000\050\000\051}{subsection.5.8.3}% 61
\BOOKMARK [3][-]{subsubsection.5.8.3.2}{\376\377\0005\000.\0008\000.\0003\000.\0002\000\040\000s\000t\000o\000r\000e\000M\000e\000m\000e\000n\000t\000o\000\050\000\051}{subsection.5.8.3}% 62
\BOOKMARK [1][-]{section.5.9}{\376\377\0005\000.\0009\000\040\000C\000h\000e\000i\000f\000E\000n\000g\000i\000n\000e\000e\000r\000F\000a\000c\000t\000o\000r\000y\000\040\000C\000l\000a\000s\000s\000\040\000R\000e\000f\000e\000r\000e\000n\000c\000e}{chapter.5}% 63
\BOOKMARK [2][-]{subsection.5.9.1}{\376\377\0005\000.\0009\000.\0001\000\040\000D\000e\000t\000a\000i\000l\000e\000d\000\040\000D\000e\000s\000c\000r\000i\000p\000t\000i\000o\000n}{section.5.9}% 64
\BOOKMARK [2][-]{subsection.5.9.2}{\376\377\0005\000.\0009\000.\0002\000\040\000C\000o\000n\000s\000t\000r\000u\000c\000t\000o\000r\000\040\000\046\000\040\000D\000e\000s\000t\000r\000u\000c\000t\000o\000r\000\040\000D\000o\000c\000u\000m\000e\000n\000t\000a\000t\000i\000o\000n}{section.5.9}% 65
\BOOKMARK [3][-]{subsubsection.5.9.2.1}{\376\377\0005\000.\0009\000.\0002\000.\0001\000\040\000C\000h\000e\000i\000f\000E\000n\000g\000i\000n\000e\000e\000r\000F\000a\000c\000t\000o\000r\000y\000\050\000\051}{subsection.5.9.2}% 66
\BOOKMARK [3][-]{subsubsection.5.9.2.2}{\376\377\0005\000.\0009\000.\0002\000.\0002\000\040\000\040\000C\000h\000e\000i\000f\000E\000n\000g\000i\000n\000e\000e\000r\000F\000a\000c\000t\000o\000r\000y\000\050\000\051}{subsection.5.9.2}% 67
\BOOKMARK [1][-]{section.5.10}{\376\377\0005\000.\0001\0000\000\040\000C\000h\000i\000e\000f\000E\000n\000g\000i\000n\000e\000e\000r\000\040\000C\000l\000a\000s\000s\000\040\000R\000e\000f\000e\000r\000e\000n\000c\000e}{chapter.5}% 68
\BOOKMARK [2][-]{subsection.5.10.1}{\376\377\0005\000.\0001\0000\000.\0001\000\040\000D\000e\000t\000a\000i\000l\000e\000d\000\040\000D\000e\000s\000c\000r\000i\000p\000t\000i\000o\000n}{section.5.10}% 69
\BOOKMARK [2][-]{subsection.5.10.2}{\376\377\0005\000.\0001\0000\000.\0002\000\040\000C\000o\000n\000s\000t\000r\000u\000c\000t\000o\000r\000\040\000\046\000\040\000D\000e\000s\000t\000r\000u\000c\000t\000o\000r\000\040\000D\000o\000c\000u\000m\000e\000n\000t\000a\000t\000i\000o\000n}{section.5.10}% 70
\BOOKMARK [3][-]{subsubsection.5.10.2.1}{\376\377\0005\000.\0001\0000\000.\0002\000.\0001\000\040\000C\000h\000i\000e\000f\000E\000n\000g\000i\000n\000e\000e\000r\000\050\000\051}{subsection.5.10.2}% 71
\BOOKMARK [3][-]{subsubsection.5.10.2.2}{\376\377\0005\000.\0001\0000\000.\0002\000.\0002\000\040\000\040\000C\000h\000i\000e\000f\000E\000n\000g\000i\000n\000e\000e\000r\000\050\000\051}{subsection.5.10.2}% 72
\BOOKMARK [2][-]{subsection.5.10.3}{\376\377\0005\000.\0001\0000\000.\0003\000\040\000M\000e\000m\000b\000e\000r\000\040\000F\000u\000n\000c\000t\000i\000o\000n\000\040\000D\000o\000c\000u\000m\000e\000n\000t\000a\000t\000i\000o\000n}{section.5.10}% 73
\BOOKMARK [3][-]{subsubsection.5.10.3.1}{\376\377\0005\000.\0001\0000\000.\0003\000.\0001\000\040\000r\000e\000c\000i\000e\000v\000e\000S\000p\000a\000c\000e\000s\000h\000i\000p\000E\000r\000r\000o\000r\000\050\000\051}{subsection.5.10.3}% 74
\BOOKMARK [3][-]{subsubsection.5.10.3.2}{\376\377\0005\000.\0001\0000\000.\0003\000.\0002\000\040\000s\000e\000n\000d\000E\000r\000r\000o\000r\000M\000e\000s\000s\000a\000g\000e\000\050\000\051}{subsection.5.10.3}% 75
\BOOKMARK [1][-]{section.5.11}{\376\377\0005\000.\0001\0001\000\040\000C\000o\000m\000m\000a\000n\000d\000e\000r\000O\000f\000T\000h\000e\000F\000l\000e\000e\000t\000\040\000C\000l\000a\000s\000s\000\040\000R\000e\000f\000e\000r\000e\000n\000c\000e}{chapter.5}% 76
\BOOKMARK [2][-]{subsection.5.11.1}{\376\377\0005\000.\0001\0001\000.\0001\000\040\000D\000e\000t\000a\000i\000l\000e\000d\000\040\000D\000e\000s\000c\000r\000i\000p\000t\000i\000o\000n}{section.5.11}% 77
\BOOKMARK [2][-]{subsection.5.11.2}{\376\377\0005\000.\0001\0001\000.\0002\000\040\000C\000o\000n\000s\000t\000r\000u\000c\000t\000o\000r\000\040\000\046\000\040\000D\000e\000s\000t\000r\000u\000c\000t\000o\000r\000\040\000D\000o\000c\000u\000m\000e\000n\000t\000a\000t\000i\000o\000n}{section.5.11}% 78
\BOOKMARK [3][-]{subsubsection.5.11.2.1}{\376\377\0005\000.\0001\0001\000.\0002\000.\0001\000\040\000C\000o\000m\000m\000a\000n\000d\000e\000r\000O\000f\000T\000h\000e\000F\000l\000e\000e\000t\000\050\000\051\000\040\000[\0001\000/\0002\000]}{subsection.5.11.2}% 79
\BOOKMARK [3][-]{subsubsection.5.11.2.2}{\376\377\0005\000.\0001\0001\000.\0002\000.\0002\000\040\000\040\000C\000o\000m\000m\000a\000n\000d\000e\000r\000O\000f\000T\000h\000e\000F\000l\000e\000e\000t\000\050\000\051}{subsection.5.11.2}% 80
\BOOKMARK [3][-]{subsubsection.5.11.2.3}{\376\377\0005\000.\0001\0001\000.\0002\000.\0003\000\040\000C\000o\000m\000m\000a\000n\000d\000e\000r\000O\000f\000T\000h\000e\000F\000l\000e\000e\000t\000\050\000\051\000\040\000[\0002\000/\0002\000]}{subsection.5.11.2}% 81
\BOOKMARK [2][-]{subsection.5.11.3}{\376\377\0005\000.\0001\0001\000.\0003\000\040\000M\000e\000m\000b\000e\000r\000\040\000F\000u\000n\000c\000t\000i\000o\000n\000\040\000D\000o\000c\000u\000m\000e\000n\000t\000a\000t\000i\000o\000n}{section.5.11}% 82
\BOOKMARK [3][-]{subsubsection.5.11.3.1}{\376\377\0005\000.\0001\0001\000.\0003\000.\0001\000\040\000i\000n\000s\000t\000a\000n\000c\000e\000\050\000\051}{subsection.5.11.3}% 83
\BOOKMARK [3][-]{subsubsection.5.11.3.2}{\376\377\0005\000.\0001\0001\000.\0003\000.\0002\000\040\000o\000p\000e\000r\000a\000t\000o\000r\000=\000\050\000\051}{subsection.5.11.3}% 84
\BOOKMARK [3][-]{subsubsection.5.11.3.3}{\376\377\0005\000.\0001\0001\000.\0003\000.\0003\000\040\000r\000e\000c\000i\000e\000v\000e\000S\000p\000a\000c\000e\000s\000h\000i\000p\000E\000r\000r\000o\000r\000\050\000\051}{subsection.5.11.3}% 85
\BOOKMARK [3][-]{subsubsection.5.11.3.4}{\376\377\0005\000.\0001\0001\000.\0003\000.\0004\000\040\000s\000e\000n\000d\000E\000r\000r\000o\000r\000M\000e\000s\000s\000a\000g\000e\000\050\000\051}{subsection.5.11.3}% 86
\BOOKMARK [1][-]{section.5.12}{\376\377\0005\000.\0001\0002\000\040\000C\000o\000m\000m\000a\000n\000d\000e\000r\000O\000f\000T\000h\000e\000F\000l\000e\000e\000t\000F\000a\000c\000t\000o\000r\000y\000\040\000C\000l\000a\000s\000s\000\040\000R\000e\000f\000e\000r\000e\000n\000c\000e}{chapter.5}% 87
\BOOKMARK [2][-]{subsection.5.12.1}{\376\377\0005\000.\0001\0002\000.\0001\000\040\000D\000e\000t\000a\000i\000l\000e\000d\000\040\000D\000e\000s\000c\000r\000i\000p\000t\000i\000o\000n}{section.5.12}% 88
\BOOKMARK [2][-]{subsection.5.12.2}{\376\377\0005\000.\0001\0002\000.\0002\000\040\000C\000o\000n\000s\000t\000r\000u\000c\000t\000o\000r\000\040\000\046\000\040\000D\000e\000s\000t\000r\000u\000c\000t\000o\000r\000\040\000D\000o\000c\000u\000m\000e\000n\000t\000a\000t\000i\000o\000n}{section.5.12}% 89
\BOOKMARK [3][-]{subsubsection.5.12.2.1}{\376\377\0005\000.\0001\0002\000.\0002\000.\0001\000\040\000C\000o\000m\000m\000a\000n\000d\000e\000r\000O\000f\000T\000h\000e\000F\000l\000e\000e\000t\000F\000a\000c\000t\000o\000r\000y\000\050\000\051}{subsection.5.12.2}% 90
\BOOKMARK [3][-]{subsubsection.5.12.2.2}{\376\377\0005\000.\0001\0002\000.\0002\000.\0002\000\040\000\040\000C\000o\000m\000m\000a\000n\000d\000e\000r\000O\000f\000T\000h\000e\000F\000l\000e\000e\000t\000F\000a\000c\000t\000o\000r\000y\000\050\000\051}{subsection.5.12.2}% 91
\BOOKMARK [1][-]{section.5.13}{\376\377\0005\000.\0001\0003\000\040\000C\000o\000m\000m\000s\000\040\000C\000l\000a\000s\000s\000\040\000R\000e\000f\000e\000r\000e\000n\000c\000e}{chapter.5}% 92
\BOOKMARK [2][-]{subsection.5.13.1}{\376\377\0005\000.\0001\0003\000.\0001\000\040\000D\000e\000t\000a\000i\000l\000e\000d\000\040\000D\000e\000s\000c\000r\000i\000p\000t\000i\000o\000n}{section.5.13}% 93
\BOOKMARK [2][-]{subsection.5.13.2}{\376\377\0005\000.\0001\0003\000.\0002\000\040\000C\000o\000n\000s\000t\000r\000u\000c\000t\000o\000r\000\040\000\046\000\040\000D\000e\000s\000t\000r\000u\000c\000t\000o\000r\000\040\000D\000o\000c\000u\000m\000e\000n\000t\000a\000t\000i\000o\000n}{section.5.13}% 94
\BOOKMARK [3][-]{subsubsection.5.13.2.1}{\376\377\0005\000.\0001\0003\000.\0002\000.\0001\000\040\000C\000o\000m\000m\000s\000\050\000\051}{subsection.5.13.2}% 95
\BOOKMARK [3][-]{subsubsection.5.13.2.2}{\376\377\0005\000.\0001\0003\000.\0002\000.\0002\000\040\000\040\000C\000o\000m\000m\000s\000\050\000\051}{subsection.5.13.2}% 96
\BOOKMARK [2][-]{subsection.5.13.3}{\376\377\0005\000.\0001\0003\000.\0003\000\040\000M\000e\000m\000b\000e\000r\000\040\000F\000u\000n\000c\000t\000i\000o\000n\000\040\000D\000o\000c\000u\000m\000e\000n\000t\000a\000t\000i\000o\000n}{section.5.13}% 97
\BOOKMARK [3][-]{subsubsection.5.13.3.1}{\376\377\0005\000.\0001\0003\000.\0003\000.\0001\000\040\000r\000e\000c\000i\000e\000v\000e\000S\000p\000a\000c\000e\000s\000h\000i\000p\000E\000r\000r\000o\000r\000\050\000\051}{subsection.5.13.3}% 98
\BOOKMARK [3][-]{subsubsection.5.13.3.2}{\376\377\0005\000.\0001\0003\000.\0003\000.\0002\000\040\000s\000e\000n\000d\000E\000r\000r\000o\000r\000M\000e\000s\000s\000a\000g\000e\000\050\000\051}{subsection.5.13.3}% 99
\BOOKMARK [1][-]{section.5.14}{\376\377\0005\000.\0001\0004\000\040\000C\000o\000n\000c\000r\000e\000t\000e\000P\000e\000o\000p\000l\000e\000M\000e\000d\000i\000a\000t\000i\000o\000r\000\040\000C\000l\000a\000s\000s\000\040\000R\000e\000f\000e\000r\000e\000n\000c\000e}{chapter.5}% 100
\BOOKMARK [1][-]{section.5.15}{\376\377\0005\000.\0001\0005\000\040\000C\000r\000i\000t\000t\000e\000r\000\040\000C\000l\000a\000s\000s\000\040\000R\000e\000f\000e\000r\000e\000n\000c\000e}{chapter.5}% 101
\BOOKMARK [2][-]{subsection.5.15.1}{\376\377\0005\000.\0001\0005\000.\0001\000\040\000D\000e\000t\000a\000i\000l\000e\000d\000\040\000D\000e\000s\000c\000r\000i\000p\000t\000i\000o\000n}{section.5.15}% 102
\BOOKMARK [2][-]{subsection.5.15.2}{\376\377\0005\000.\0001\0005\000.\0002\000\040\000C\000o\000n\000s\000t\000r\000u\000c\000t\000o\000r\000\040\000\046\000\040\000D\000e\000s\000t\000r\000u\000c\000t\000o\000r\000\040\000D\000o\000c\000u\000m\000e\000n\000t\000a\000t\000i\000o\000n}{section.5.15}% 103
\BOOKMARK [3][-]{subsubsection.5.15.2.1}{\376\377\0005\000.\0001\0005\000.\0002\000.\0001\000\040\000C\000r\000i\000t\000t\000e\000r\000\050\000\051}{subsection.5.15.2}% 104
\BOOKMARK [2][-]{subsection.5.15.3}{\376\377\0005\000.\0001\0005\000.\0003\000\040\000M\000e\000m\000b\000e\000r\000\040\000F\000u\000n\000c\000t\000i\000o\000n\000\040\000D\000o\000c\000u\000m\000e\000n\000t\000a\000t\000i\000o\000n}{section.5.15}% 105
\BOOKMARK [3][-]{subsubsection.5.15.3.1}{\376\377\0005\000.\0001\0005\000.\0003\000.\0001\000\040\000i\000s\000A\000n\000g\000r\000y\000\050\000\051}{subsection.5.15.3}% 106
\BOOKMARK [3][-]{subsubsection.5.15.3.2}{\376\377\0005\000.\0001\0005\000.\0003\000.\0002\000\040\000s\000t\000e\000a\000l\000R\000e\000s\000o\000u\000r\000c\000e\000s\000\050\000\051}{subsection.5.15.3}% 107
\BOOKMARK [1][-]{section.5.16}{\376\377\0005\000.\0001\0006\000\040\000D\000o\000c\000t\000o\000r\000\040\000C\000l\000a\000s\000s\000\040\000R\000e\000f\000e\000r\000e\000n\000c\000e}{chapter.5}% 108
\BOOKMARK [2][-]{subsection.5.16.1}{\376\377\0005\000.\0001\0006\000.\0001\000\040\000D\000e\000t\000a\000i\000l\000e\000d\000\040\000D\000e\000s\000c\000r\000i\000p\000t\000i\000o\000n}{section.5.16}% 109
\BOOKMARK [2][-]{subsection.5.16.2}{\376\377\0005\000.\0001\0006\000.\0002\000\040\000C\000o\000n\000s\000t\000r\000u\000c\000t\000o\000r\000\040\000\046\000\040\000D\000e\000s\000t\000r\000u\000c\000t\000o\000r\000\040\000D\000o\000c\000u\000m\000e\000n\000t\000a\000t\000i\000o\000n}{section.5.16}% 110
\BOOKMARK [3][-]{subsubsection.5.16.2.1}{\376\377\0005\000.\0001\0006\000.\0002\000.\0001\000\040\000D\000o\000c\000t\000o\000r\000\050\000\051}{subsection.5.16.2}% 111
\BOOKMARK [3][-]{subsubsection.5.16.2.2}{\376\377\0005\000.\0001\0006\000.\0002\000.\0002\000\040\000\040\000D\000o\000c\000t\000o\000r\000\050\000\051}{subsection.5.16.2}% 112
\BOOKMARK [2][-]{subsection.5.16.3}{\376\377\0005\000.\0001\0006\000.\0003\000\040\000M\000e\000m\000b\000e\000r\000\040\000F\000u\000n\000c\000t\000i\000o\000n\000\040\000D\000o\000c\000u\000m\000e\000n\000t\000a\000t\000i\000o\000n}{section.5.16}% 113
\BOOKMARK [3][-]{subsubsection.5.16.3.1}{\376\377\0005\000.\0001\0006\000.\0003\000.\0001\000\040\000r\000e\000c\000i\000e\000v\000e\000S\000p\000a\000c\000e\000s\000h\000i\000p\000E\000r\000r\000o\000r\000\050\000\051}{subsection.5.16.3}% 114
\BOOKMARK [3][-]{subsubsection.5.16.3.2}{\376\377\0005\000.\0001\0006\000.\0003\000.\0002\000\040\000s\000e\000n\000d\000E\000r\000r\000o\000r\000M\000e\000s\000s\000a\000g\000e\000\050\000\051}{subsection.5.16.3}% 115
\BOOKMARK [1][-]{section.5.17}{\376\377\0005\000.\0001\0007\000\040\000D\000o\000c\000t\000o\000r\000F\000a\000c\000t\000o\000r\000y\000\040\000C\000l\000a\000s\000s\000\040\000R\000e\000f\000e\000r\000e\000n\000c\000e}{chapter.5}% 116
\BOOKMARK [2][-]{subsection.5.17.1}{\376\377\0005\000.\0001\0007\000.\0001\000\040\000D\000e\000t\000a\000i\000l\000e\000d\000\040\000D\000e\000s\000c\000r\000i\000p\000t\000i\000o\000n}{section.5.17}% 117
\BOOKMARK [2][-]{subsection.5.17.2}{\376\377\0005\000.\0001\0007\000.\0002\000\040\000C\000o\000n\000s\000t\000r\000u\000c\000t\000o\000r\000\040\000\046\000\040\000D\000e\000s\000t\000r\000u\000c\000t\000o\000r\000\040\000D\000o\000c\000u\000m\000e\000n\000t\000a\000t\000i\000o\000n}{section.5.17}% 118
\BOOKMARK [3][-]{subsubsection.5.17.2.1}{\376\377\0005\000.\0001\0007\000.\0002\000.\0001\000\040\000D\000o\000c\000t\000o\000r\000F\000a\000c\000t\000o\000r\000y\000\050\000\051}{subsection.5.17.2}% 119
\BOOKMARK [3][-]{subsubsection.5.17.2.2}{\376\377\0005\000.\0001\0007\000.\0002\000.\0002\000\040\000\040\000D\000o\000c\000t\000o\000r\000F\000a\000c\000t\000o\000r\000y\000\050\000\051}{subsection.5.17.2}% 120
\BOOKMARK [1][-]{section.5.18}{\376\377\0005\000.\0001\0008\000\040\000E\000n\000g\000i\000n\000e\000e\000r\000\040\000C\000l\000a\000s\000s\000\040\000R\000e\000f\000e\000r\000e\000n\000c\000e}{chapter.5}% 121
\BOOKMARK [2][-]{subsection.5.18.1}{\376\377\0005\000.\0001\0008\000.\0001\000\040\000D\000e\000t\000a\000i\000l\000e\000d\000\040\000D\000e\000s\000c\000r\000i\000p\000t\000i\000o\000n}{section.5.18}% 122
\BOOKMARK [2][-]{subsection.5.18.2}{\376\377\0005\000.\0001\0008\000.\0002\000\040\000C\000o\000n\000s\000t\000r\000u\000c\000t\000o\000r\000\040\000\046\000\040\000D\000e\000s\000t\000r\000u\000c\000t\000o\000r\000\040\000D\000o\000c\000u\000m\000e\000n\000t\000a\000t\000i\000o\000n}{section.5.18}% 123
\BOOKMARK [3][-]{subsubsection.5.18.2.1}{\376\377\0005\000.\0001\0008\000.\0002\000.\0001\000\040\000E\000n\000g\000i\000n\000e\000e\000r\000\050\000\051}{subsection.5.18.2}% 124
\BOOKMARK [3][-]{subsubsection.5.18.2.2}{\376\377\0005\000.\0001\0008\000.\0002\000.\0002\000\040\000\040\000E\000n\000g\000i\000n\000e\000e\000r\000\050\000\051}{subsection.5.18.2}% 125
\BOOKMARK [2][-]{subsection.5.18.3}{\376\377\0005\000.\0001\0008\000.\0003\000\040\000M\000e\000m\000b\000e\000r\000\040\000F\000u\000n\000c\000t\000i\000o\000n\000\040\000D\000o\000c\000u\000m\000e\000n\000t\000a\000t\000i\000o\000n}{section.5.18}% 126
\BOOKMARK [3][-]{subsubsection.5.18.3.1}{\376\377\0005\000.\0001\0008\000.\0003\000.\0001\000\040\000r\000e\000c\000i\000e\000v\000e\000S\000p\000a\000c\000e\000s\000h\000i\000p\000E\000r\000r\000o\000r\000\050\000\051}{subsection.5.18.3}% 127
\BOOKMARK [3][-]{subsubsection.5.18.3.2}{\376\377\0005\000.\0001\0008\000.\0003\000.\0002\000\040\000s\000e\000n\000d\000E\000r\000r\000o\000r\000M\000e\000s\000s\000a\000g\000e\000\050\000\051}{subsection.5.18.3}% 128
\BOOKMARK [1][-]{section.5.19}{\376\377\0005\000.\0001\0009\000\040\000E\000n\000g\000i\000n\000e\000e\000r\000F\000a\000c\000t\000o\000r\000y\000\040\000C\000l\000a\000s\000s\000\040\000R\000e\000f\000e\000r\000e\000n\000c\000e}{chapter.5}% 129
\BOOKMARK [2][-]{subsection.5.19.1}{\376\377\0005\000.\0001\0009\000.\0001\000\040\000D\000e\000t\000a\000i\000l\000e\000d\000\040\000D\000e\000s\000c\000r\000i\000p\000t\000i\000o\000n}{section.5.19}% 130
\BOOKMARK [2][-]{subsection.5.19.2}{\376\377\0005\000.\0001\0009\000.\0002\000\040\000C\000o\000n\000s\000t\000r\000u\000c\000t\000o\000r\000\040\000\046\000\040\000D\000e\000s\000t\000r\000u\000c\000t\000o\000r\000\040\000D\000o\000c\000u\000m\000e\000n\000t\000a\000t\000i\000o\000n}{section.5.19}% 131
\BOOKMARK [3][-]{subsubsection.5.19.2.1}{\376\377\0005\000.\0001\0009\000.\0002\000.\0001\000\040\000E\000n\000g\000i\000n\000e\000e\000r\000F\000a\000c\000t\000o\000r\000y\000\050\000\051}{subsection.5.19.2}% 132
\BOOKMARK [3][-]{subsubsection.5.19.2.2}{\376\377\0005\000.\0001\0009\000.\0002\000.\0002\000\040\000\040\000E\000n\000g\000i\000n\000e\000e\000r\000F\000a\000c\000t\000o\000r\000y\000\050\000\051}{subsection.5.19.2}% 133
\BOOKMARK [1][-]{section.5.20}{\376\377\0005\000.\0002\0000\000\040\000E\000x\000p\000l\000o\000r\000a\000t\000i\000o\000n\000V\000e\000s\000s\000e\000l\000\040\000C\000l\000a\000s\000s\000\040\000R\000e\000f\000e\000r\000e\000n\000c\000e}{chapter.5}% 134
\BOOKMARK [2][-]{subsection.5.20.1}{\376\377\0005\000.\0002\0000\000.\0001\000\040\000D\000e\000t\000a\000i\000l\000e\000d\000\040\000D\000e\000s\000c\000r\000i\000p\000t\000i\000o\000n}{section.5.20}% 135
\BOOKMARK [2][-]{subsection.5.20.2}{\376\377\0005\000.\0002\0000\000.\0002\000\040\000C\000o\000n\000s\000t\000r\000u\000c\000t\000o\000r\000\040\000\046\000\040\000D\000e\000s\000t\000r\000u\000c\000t\000o\000r\000\040\000D\000o\000c\000u\000m\000e\000n\000t\000a\000t\000i\000o\000n}{section.5.20}% 136
\BOOKMARK [3][-]{subsubsection.5.20.2.1}{\376\377\0005\000.\0002\0000\000.\0002\000.\0001\000\040\000E\000x\000p\000l\000o\000r\000a\000t\000i\000o\000n\000V\000e\000s\000s\000e\000l\000\050\000\051}{subsection.5.20.2}% 137
\BOOKMARK [3][-]{subsubsection.5.20.2.2}{\376\377\0005\000.\0002\0000\000.\0002\000.\0002\000\040\000\040\000E\000x\000p\000l\000o\000r\000a\000t\000i\000o\000n\000V\000e\000s\000s\000e\000l\000\050\000\051}{subsection.5.20.2}% 138
\BOOKMARK [2][-]{subsection.5.20.3}{\376\377\0005\000.\0002\0000\000.\0003\000\040\000M\000e\000m\000b\000e\000r\000\040\000F\000u\000n\000c\000t\000i\000o\000n\000\040\000D\000o\000c\000u\000m\000e\000n\000t\000a\000t\000i\000o\000n}{section.5.20}% 139
\BOOKMARK [3][-]{subsubsection.5.20.3.1}{\376\377\0005\000.\0002\0000\000.\0003\000.\0001\000\040\000a\000d\000d\000C\000o\000m\000p\000o\000n\000e\000n\000t\000\050\000\051}{subsection.5.20.3}% 140
\BOOKMARK [1][-]{section.5.21}{\376\377\0005\000.\0002\0001\000\040\000E\000x\000p\000l\000o\000r\000a\000t\000i\000o\000n\000V\000e\000s\000s\000e\000l\000F\000a\000c\000t\000o\000r\000y\000\040\000C\000l\000a\000s\000s\000\040\000R\000e\000f\000e\000r\000e\000n\000c\000e}{chapter.5}% 141
\BOOKMARK [2][-]{subsection.5.21.1}{\376\377\0005\000.\0002\0001\000.\0001\000\040\000D\000e\000t\000a\000i\000l\000e\000d\000\040\000D\000e\000s\000c\000r\000i\000p\000t\000i\000o\000n}{section.5.21}% 142
\BOOKMARK [2][-]{subsection.5.21.2}{\376\377\0005\000.\0002\0001\000.\0002\000\040\000C\000o\000n\000s\000t\000r\000u\000c\000t\000o\000r\000\040\000\046\000\040\000D\000e\000s\000t\000r\000u\000c\000t\000o\000r\000\040\000D\000o\000c\000u\000m\000e\000n\000t\000a\000t\000i\000o\000n}{section.5.21}% 143
\BOOKMARK [3][-]{subsubsection.5.21.2.1}{\376\377\0005\000.\0002\0001\000.\0002\000.\0001\000\040\000E\000x\000p\000l\000o\000r\000a\000t\000i\000o\000n\000V\000e\000s\000s\000e\000l\000F\000a\000c\000t\000o\000r\000y\000\050\000\051}{subsection.5.21.2}% 144
\BOOKMARK [3][-]{subsubsection.5.21.2.2}{\376\377\0005\000.\0002\0001\000.\0002\000.\0002\000\040\000\040\000E\000x\000p\000l\000o\000r\000a\000t\000i\000o\000n\000V\000e\000s\000s\000e\000l\000F\000a\000c\000t\000o\000r\000y\000\050\000\051}{subsection.5.21.2}% 145
\BOOKMARK [2][-]{subsection.5.21.3}{\376\377\0005\000.\0002\0001\000.\0003\000\040\000M\000e\000m\000b\000e\000r\000\040\000F\000u\000n\000c\000t\000i\000o\000n\000\040\000D\000o\000c\000u\000m\000e\000n\000t\000a\000t\000i\000o\000n}{section.5.21}% 146
\BOOKMARK [3][-]{subsubsection.5.21.3.1}{\376\377\0005\000.\0002\0001\000.\0003\000.\0001\000\040\000s\000p\000a\000c\000e\000S\000h\000i\000p\000F\000a\000c\000t\000o\000r\000y\000M\000e\000t\000h\000o\000d\000\050\000\051}{subsection.5.21.3}% 147
\BOOKMARK [1][-]{section.5.22}{\376\377\0005\000.\0002\0002\000\040\000F\000i\000g\000h\000t\000e\000r\000\040\000C\000l\000a\000s\000s\000\040\000R\000e\000f\000e\000r\000e\000n\000c\000e}{chapter.5}% 148
\BOOKMARK [2][-]{subsection.5.22.1}{\376\377\0005\000.\0002\0002\000.\0001\000\040\000D\000e\000t\000a\000i\000l\000e\000d\000\040\000D\000e\000s\000c\000r\000i\000p\000t\000i\000o\000n}{section.5.22}% 149
\BOOKMARK [2][-]{subsection.5.22.2}{\376\377\0005\000.\0002\0002\000.\0002\000\040\000C\000o\000n\000s\000t\000r\000u\000c\000t\000o\000r\000\040\000\046\000\040\000D\000e\000s\000t\000r\000u\000c\000t\000o\000r\000\040\000D\000o\000c\000u\000m\000e\000n\000t\000a\000t\000i\000o\000n}{section.5.22}% 150
\BOOKMARK [3][-]{subsubsection.5.22.2.1}{\376\377\0005\000.\0002\0002\000.\0002\000.\0001\000\040\000F\000i\000g\000h\000t\000e\000r\000\050\000\051}{subsection.5.22.2}% 151
\BOOKMARK [3][-]{subsubsection.5.22.2.2}{\376\377\0005\000.\0002\0002\000.\0002\000.\0002\000\040\000\040\000F\000i\000g\000h\000t\000e\000r\000\050\000\051}{subsection.5.22.2}% 152
\BOOKMARK [2][-]{subsection.5.22.3}{\376\377\0005\000.\0002\0002\000.\0003\000\040\000M\000e\000m\000b\000e\000r\000\040\000F\000u\000n\000c\000t\000i\000o\000n\000\040\000D\000o\000c\000u\000m\000e\000n\000t\000a\000t\000i\000o\000n}{section.5.22}% 153
\BOOKMARK [3][-]{subsubsection.5.22.3.1}{\376\377\0005\000.\0002\0002\000.\0003\000.\0001\000\040\000r\000e\000c\000i\000e\000v\000e\000S\000p\000a\000c\000e\000s\000h\000i\000p\000E\000r\000r\000o\000r\000\050\000\051}{subsection.5.22.3}% 154
\BOOKMARK [3][-]{subsubsection.5.22.3.2}{\376\377\0005\000.\0002\0002\000.\0003\000.\0002\000\040\000s\000e\000n\000d\000E\000r\000r\000o\000r\000M\000e\000s\000s\000a\000g\000e\000\050\000\051}{subsection.5.22.3}% 155
\BOOKMARK [1][-]{section.5.23}{\376\377\0005\000.\0002\0003\000\040\000F\000i\000g\000h\000t\000e\000r\000B\000a\000y\000\040\000C\000l\000a\000s\000s\000\040\000R\000e\000f\000e\000r\000e\000n\000c\000e}{chapter.5}% 156
\BOOKMARK [2][-]{subsection.5.23.1}{\376\377\0005\000.\0002\0003\000.\0001\000\040\000D\000e\000t\000a\000i\000l\000e\000d\000\040\000D\000e\000s\000c\000r\000i\000p\000t\000i\000o\000n}{section.5.23}% 157
\BOOKMARK [2][-]{subsection.5.23.2}{\376\377\0005\000.\0002\0003\000.\0002\000\040\000C\000o\000n\000s\000t\000r\000u\000c\000t\000o\000r\000\040\000\046\000\040\000D\000e\000s\000t\000r\000u\000c\000t\000o\000r\000\040\000D\000o\000c\000u\000m\000e\000n\000t\000a\000t\000i\000o\000n}{section.5.23}% 158
\BOOKMARK [3][-]{subsubsection.5.23.2.1}{\376\377\0005\000.\0002\0003\000.\0002\000.\0001\000\040\000F\000i\000g\000h\000t\000e\000r\000B\000a\000y\000\050\000\051}{subsection.5.23.2}% 159
\BOOKMARK [3][-]{subsubsection.5.23.2.2}{\376\377\0005\000.\0002\0003\000.\0002\000.\0002\000\040\000\040\000F\000i\000g\000h\000t\000e\000r\000B\000a\000y\000\050\000\051}{subsection.5.23.2}% 160
\BOOKMARK [2][-]{subsection.5.23.3}{\376\377\0005\000.\0002\0003\000.\0003\000\040\000M\000e\000m\000b\000e\000r\000\040\000F\000u\000n\000c\000t\000i\000o\000n\000\040\000D\000o\000c\000u\000m\000e\000n\000t\000a\000t\000i\000o\000n}{section.5.23}% 161
\BOOKMARK [3][-]{subsubsection.5.23.3.1}{\376\377\0005\000.\0002\0003\000.\0003\000.\0001\000\040\000a\000d\000d\000F\000i\000g\000h\000t\000e\000r\000\050\000\051}{subsection.5.23.3}% 162
\BOOKMARK [3][-]{subsubsection.5.23.3.2}{\376\377\0005\000.\0002\0003\000.\0003\000.\0002\000\040\000r\000e\000m\000o\000v\000e\000F\000i\000g\000h\000t\000e\000r\000\050\000\051}{subsection.5.23.3}% 163
\BOOKMARK [1][-]{section.5.24}{\376\377\0005\000.\0002\0004\000\040\000F\000i\000g\000h\000t\000e\000r\000F\000a\000c\000t\000o\000r\000y\000\040\000C\000l\000a\000s\000s\000\040\000R\000e\000f\000e\000r\000e\000n\000c\000e}{chapter.5}% 164
\BOOKMARK [2][-]{subsection.5.24.1}{\376\377\0005\000.\0002\0004\000.\0001\000\040\000D\000e\000t\000a\000i\000l\000e\000d\000\040\000D\000e\000s\000c\000r\000i\000p\000t\000i\000o\000n}{section.5.24}% 165
\BOOKMARK [2][-]{subsection.5.24.2}{\376\377\0005\000.\0002\0004\000.\0002\000\040\000C\000o\000n\000s\000t\000r\000u\000c\000t\000o\000r\000\040\000\046\000\040\000D\000e\000s\000t\000r\000u\000c\000t\000o\000r\000\040\000D\000o\000c\000u\000m\000e\000n\000t\000a\000t\000i\000o\000n}{section.5.24}% 166
\BOOKMARK [3][-]{subsubsection.5.24.2.1}{\376\377\0005\000.\0002\0004\000.\0002\000.\0001\000\040\000F\000i\000g\000h\000t\000e\000r\000F\000a\000c\000t\000o\000r\000y\000\050\000\051}{subsection.5.24.2}% 167
\BOOKMARK [3][-]{subsubsection.5.24.2.2}{\376\377\0005\000.\0002\0004\000.\0002\000.\0002\000\040\000\040\000F\000i\000g\000h\000t\000e\000r\000F\000a\000c\000t\000o\000r\000y\000\050\000\051}{subsection.5.24.2}% 168
\BOOKMARK [1][-]{section.5.25}{\376\377\0005\000.\0002\0005\000\040\000F\000i\000g\000h\000t\000e\000r\000T\000r\000a\000n\000s\000p\000o\000r\000t\000e\000r\000\040\000C\000l\000a\000s\000s\000\040\000R\000e\000f\000e\000r\000e\000n\000c\000e}{chapter.5}% 169
\BOOKMARK [2][-]{subsection.5.25.1}{\376\377\0005\000.\0002\0005\000.\0001\000\040\000D\000e\000t\000a\000i\000l\000e\000d\000\040\000D\000e\000s\000c\000r\000i\000p\000t\000i\000o\000n}{section.5.25}% 170
\BOOKMARK [2][-]{subsection.5.25.2}{\376\377\0005\000.\0002\0005\000.\0002\000\040\000C\000o\000n\000s\000t\000r\000u\000c\000t\000o\000r\000\040\000\046\000\040\000D\000e\000s\000t\000r\000u\000c\000t\000o\000r\000\040\000D\000o\000c\000u\000m\000e\000n\000t\000a\000t\000i\000o\000n}{section.5.25}% 171
\BOOKMARK [3][-]{subsubsection.5.25.2.1}{\376\377\0005\000.\0002\0005\000.\0002\000.\0001\000\040\000F\000i\000g\000h\000t\000e\000r\000T\000r\000a\000n\000s\000p\000o\000r\000t\000e\000r\000\050\000\051}{subsection.5.25.2}% 172
\BOOKMARK [3][-]{subsubsection.5.25.2.2}{\376\377\0005\000.\0002\0005\000.\0002\000.\0002\000\040\000\040\000F\000i\000g\000h\000t\000e\000r\000T\000r\000a\000n\000s\000p\000o\000r\000t\000e\000r\000\050\000\051}{subsection.5.25.2}% 173
\BOOKMARK [2][-]{subsection.5.25.3}{\376\377\0005\000.\0002\0005\000.\0003\000\040\000M\000e\000m\000b\000e\000r\000\040\000F\000u\000n\000c\000t\000i\000o\000n\000\040\000D\000o\000c\000u\000m\000e\000n\000t\000a\000t\000i\000o\000n}{section.5.25}% 174
\BOOKMARK [3][-]{subsubsection.5.25.3.1}{\376\377\0005\000.\0002\0005\000.\0003\000.\0001\000\040\000a\000d\000d\000C\000o\000m\000p\000o\000n\000e\000n\000t\000\050\000\051}{subsection.5.25.3}% 175
\BOOKMARK [1][-]{section.5.26}{\376\377\0005\000.\0002\0006\000\040\000F\000i\000g\000h\000t\000e\000r\000T\000r\000a\000n\000s\000p\000o\000r\000t\000e\000r\000F\000a\000c\000t\000o\000r\000y\000\040\000C\000l\000a\000s\000s\000\040\000R\000e\000f\000e\000r\000e\000n\000c\000e}{chapter.5}% 176
\BOOKMARK [2][-]{subsection.5.26.1}{\376\377\0005\000.\0002\0006\000.\0001\000\040\000D\000e\000t\000a\000i\000l\000e\000d\000\040\000D\000e\000s\000c\000r\000i\000p\000t\000i\000o\000n}{section.5.26}% 177
\BOOKMARK [2][-]{subsection.5.26.2}{\376\377\0005\000.\0002\0006\000.\0002\000\040\000C\000o\000n\000s\000t\000r\000u\000c\000t\000o\000r\000\040\000\046\000\040\000D\000e\000s\000t\000r\000u\000c\000t\000o\000r\000\040\000D\000o\000c\000u\000m\000e\000n\000t\000a\000t\000i\000o\000n}{section.5.26}% 178
\BOOKMARK [3][-]{subsubsection.5.26.2.1}{\376\377\0005\000.\0002\0006\000.\0002\000.\0001\000\040\000F\000i\000g\000h\000t\000e\000r\000T\000r\000a\000n\000s\000p\000o\000r\000t\000e\000r\000F\000a\000c\000t\000o\000r\000y\000\050\000\051}{subsection.5.26.2}% 179
\BOOKMARK [3][-]{subsubsection.5.26.2.2}{\376\377\0005\000.\0002\0006\000.\0002\000.\0002\000\040\000\040\000F\000i\000g\000h\000t\000e\000r\000T\000r\000a\000n\000s\000p\000o\000r\000t\000e\000r\000F\000a\000c\000t\000o\000r\000y\000\050\000\051}{subsection.5.26.2}% 180
\BOOKMARK [2][-]{subsection.5.26.3}{\376\377\0005\000.\0002\0006\000.\0003\000\040\000M\000e\000m\000b\000e\000r\000\040\000F\000u\000n\000c\000t\000i\000o\000n\000\040\000D\000o\000c\000u\000m\000e\000n\000t\000a\000t\000i\000o\000n}{section.5.26}% 181
\BOOKMARK [3][-]{subsubsection.5.26.3.1}{\376\377\0005\000.\0002\0006\000.\0003\000.\0001\000\040\000s\000p\000a\000c\000e\000S\000h\000i\000p\000F\000a\000c\000t\000o\000r\000y\000M\000e\000t\000h\000o\000d\000\050\000\051}{subsection.5.26.3}% 182
\BOOKMARK [1][-]{section.5.27}{\376\377\0005\000.\0002\0007\000\040\000F\000r\000i\000g\000a\000t\000e\000\040\000C\000l\000a\000s\000s\000\040\000R\000e\000f\000e\000r\000e\000n\000c\000e}{chapter.5}% 183
\BOOKMARK [2][-]{subsection.5.27.1}{\376\377\0005\000.\0002\0007\000.\0001\000\040\000D\000e\000t\000a\000i\000l\000e\000d\000\040\000D\000e\000s\000c\000r\000i\000p\000t\000i\000o\000n}{section.5.27}% 184
\BOOKMARK [2][-]{subsection.5.27.2}{\376\377\0005\000.\0002\0007\000.\0002\000\040\000C\000o\000n\000s\000t\000r\000u\000c\000t\000o\000r\000\040\000\046\000\040\000D\000e\000s\000t\000r\000u\000c\000t\000o\000r\000\040\000D\000o\000c\000u\000m\000e\000n\000t\000a\000t\000i\000o\000n}{section.5.27}% 185
\BOOKMARK [3][-]{subsubsection.5.27.2.1}{\376\377\0005\000.\0002\0007\000.\0002\000.\0001\000\040\000F\000r\000i\000g\000a\000t\000e\000\050\000\051}{subsection.5.27.2}% 186
\BOOKMARK [3][-]{subsubsection.5.27.2.2}{\376\377\0005\000.\0002\0007\000.\0002\000.\0002\000\040\000\040\000F\000r\000i\000g\000a\000t\000e\000\050\000\051}{subsection.5.27.2}% 187
\BOOKMARK [2][-]{subsection.5.27.3}{\376\377\0005\000.\0002\0007\000.\0003\000\040\000M\000e\000m\000b\000e\000r\000\040\000F\000u\000n\000c\000t\000i\000o\000n\000\040\000D\000o\000c\000u\000m\000e\000n\000t\000a\000t\000i\000o\000n}{section.5.27}% 188
\BOOKMARK [3][-]{subsubsection.5.27.3.1}{\376\377\0005\000.\0002\0007\000.\0003\000.\0001\000\040\000a\000d\000d\000C\000o\000m\000p\000o\000n\000e\000n\000t\000\050\000\051}{subsection.5.27.3}% 189
\BOOKMARK [1][-]{section.5.28}{\376\377\0005\000.\0002\0008\000\040\000F\000r\000i\000g\000a\000t\000e\000F\000a\000c\000t\000o\000r\000y\000\040\000C\000l\000a\000s\000s\000\040\000R\000e\000f\000e\000r\000e\000n\000c\000e}{chapter.5}% 190
\BOOKMARK [2][-]{subsection.5.28.1}{\376\377\0005\000.\0002\0008\000.\0001\000\040\000D\000e\000t\000a\000i\000l\000e\000d\000\040\000D\000e\000s\000c\000r\000i\000p\000t\000i\000o\000n}{section.5.28}% 191
\BOOKMARK [2][-]{subsection.5.28.2}{\376\377\0005\000.\0002\0008\000.\0002\000\040\000C\000o\000n\000s\000t\000r\000u\000c\000t\000o\000r\000\040\000\046\000\040\000D\000e\000s\000t\000r\000u\000c\000t\000o\000r\000\040\000D\000o\000c\000u\000m\000e\000n\000t\000a\000t\000i\000o\000n}{section.5.28}% 192
\BOOKMARK [3][-]{subsubsection.5.28.2.1}{\376\377\0005\000.\0002\0008\000.\0002\000.\0001\000\040\000F\000r\000i\000g\000a\000t\000e\000F\000a\000c\000t\000o\000r\000y\000\050\000\051}{subsection.5.28.2}% 193
\BOOKMARK [3][-]{subsubsection.5.28.2.2}{\376\377\0005\000.\0002\0008\000.\0002\000.\0002\000\040\000\040\000F\000r\000i\000g\000a\000t\000e\000F\000a\000c\000t\000o\000r\000y\000\050\000\051}{subsection.5.28.2}% 194
\BOOKMARK [2][-]{subsection.5.28.3}{\376\377\0005\000.\0002\0008\000.\0003\000\040\000M\000e\000m\000b\000e\000r\000\040\000F\000u\000n\000c\000t\000i\000o\000n\000\040\000D\000o\000c\000u\000m\000e\000n\000t\000a\000t\000i\000o\000n}{section.5.28}% 195
\BOOKMARK [3][-]{subsubsection.5.28.3.1}{\376\377\0005\000.\0002\0008\000.\0003\000.\0001\000\040\000s\000p\000a\000c\000e\000S\000h\000i\000p\000F\000a\000c\000t\000o\000r\000y\000M\000e\000t\000h\000o\000d\000\050\000\051}{subsection.5.28.3}% 196
\BOOKMARK [1][-]{section.5.29}{\376\377\0005\000.\0002\0009\000\040\000L\000e\000v\000e\000l\000O\000n\000e\000T\000h\000r\000e\000a\000t\000\040\000C\000l\000a\000s\000s\000\040\000R\000e\000f\000e\000r\000e\000n\000c\000e}{chapter.5}% 197
\BOOKMARK [2][-]{subsection.5.29.1}{\376\377\0005\000.\0002\0009\000.\0001\000\040\000D\000e\000t\000a\000i\000l\000e\000d\000\040\000D\000e\000s\000c\000r\000i\000p\000t\000i\000o\000n}{section.5.29}% 198
\BOOKMARK [2][-]{subsection.5.29.2}{\376\377\0005\000.\0002\0009\000.\0002\000\040\000C\000o\000n\000s\000t\000r\000u\000c\000t\000o\000r\000\040\000\046\000\040\000D\000e\000s\000t\000r\000u\000c\000t\000o\000r\000\040\000D\000o\000c\000u\000m\000e\000n\000t\000a\000t\000i\000o\000n}{section.5.29}% 199
\BOOKMARK [3][-]{subsubsection.5.29.2.1}{\376\377\0005\000.\0002\0009\000.\0002\000.\0001\000\040\000L\000e\000v\000e\000l\000O\000n\000e\000T\000h\000r\000e\000a\000t\000\050\000\051}{subsection.5.29.2}% 200
\BOOKMARK [3][-]{subsubsection.5.29.2.2}{\376\377\0005\000.\0002\0009\000.\0002\000.\0002\000\040\000\040\000L\000e\000v\000e\000l\000O\000n\000e\000T\000h\000r\000e\000a\000t\000\050\000\051}{subsection.5.29.2}% 201
\BOOKMARK [2][-]{subsection.5.29.3}{\376\377\0005\000.\0002\0009\000.\0003\000\040\000M\000e\000m\000b\000e\000r\000\040\000F\000u\000n\000c\000t\000i\000o\000n\000\040\000D\000o\000c\000u\000m\000e\000n\000t\000a\000t\000i\000o\000n}{section.5.29}% 202
\BOOKMARK [3][-]{subsubsection.5.29.3.1}{\376\377\0005\000.\0002\0009\000.\0003\000.\0001\000\040\000d\000e\000c\000r\000e\000a\000s\000e\000T\000h\000r\000e\000a\000t\000L\000e\000v\000e\000l\000\050\000\051}{subsection.5.29.3}% 203
\BOOKMARK [3][-]{subsubsection.5.29.3.2}{\376\377\0005\000.\0002\0009\000.\0003\000.\0002\000\040\000i\000n\000c\000r\000e\000a\000s\000e\000T\000h\000r\000e\000a\000t\000L\000e\000v\000e\000l\000\050\000\051}{subsection.5.29.3}% 204
\BOOKMARK [3][-]{subsubsection.5.29.3.3}{\376\377\0005\000.\0002\0009\000.\0003\000.\0003\000\040\000p\000r\000i\000n\000t\000\050\000\051}{subsection.5.29.3}% 205
\BOOKMARK [1][-]{section.5.30}{\376\377\0005\000.\0003\0000\000\040\000L\000e\000v\000e\000l\000T\000h\000r\000e\000e\000T\000h\000r\000e\000a\000t\000\040\000C\000l\000a\000s\000s\000\040\000R\000e\000f\000e\000r\000e\000n\000c\000e}{chapter.5}% 206
\BOOKMARK [2][-]{subsection.5.30.1}{\376\377\0005\000.\0003\0000\000.\0001\000\040\000D\000e\000t\000a\000i\000l\000e\000d\000\040\000D\000e\000s\000c\000r\000i\000p\000t\000i\000o\000n}{section.5.30}% 207
\BOOKMARK [2][-]{subsection.5.30.2}{\376\377\0005\000.\0003\0000\000.\0002\000\040\000C\000o\000n\000s\000t\000r\000u\000c\000t\000o\000r\000\040\000\046\000\040\000D\000e\000s\000t\000r\000u\000c\000t\000o\000r\000\040\000D\000o\000c\000u\000m\000e\000n\000t\000a\000t\000i\000o\000n}{section.5.30}% 208
\BOOKMARK [3][-]{subsubsection.5.30.2.1}{\376\377\0005\000.\0003\0000\000.\0002\000.\0001\000\040\000L\000e\000v\000e\000l\000T\000h\000r\000e\000e\000T\000h\000r\000e\000a\000t\000\050\000\051}{subsection.5.30.2}% 209
\BOOKMARK [3][-]{subsubsection.5.30.2.2}{\376\377\0005\000.\0003\0000\000.\0002\000.\0002\000\040\000\040\000L\000e\000v\000e\000l\000T\000h\000r\000e\000e\000T\000h\000r\000e\000a\000t\000\050\000\051}{subsection.5.30.2}% 210
\BOOKMARK [2][-]{subsection.5.30.3}{\376\377\0005\000.\0003\0000\000.\0003\000\040\000M\000e\000m\000b\000e\000r\000\040\000F\000u\000n\000c\000t\000i\000o\000n\000\040\000D\000o\000c\000u\000m\000e\000n\000t\000a\000t\000i\000o\000n}{section.5.30}% 211
\BOOKMARK [3][-]{subsubsection.5.30.3.1}{\376\377\0005\000.\0003\0000\000.\0003\000.\0001\000\040\000d\000e\000c\000r\000e\000a\000s\000e\000T\000h\000r\000e\000a\000t\000L\000e\000v\000e\000l\000\050\000\051}{subsection.5.30.3}% 212
\BOOKMARK [3][-]{subsubsection.5.30.3.2}{\376\377\0005\000.\0003\0000\000.\0003\000.\0002\000\040\000i\000n\000c\000r\000e\000a\000s\000e\000T\000h\000r\000e\000a\000t\000L\000e\000v\000e\000l\000\050\000\051}{subsection.5.30.3}% 213
\BOOKMARK [3][-]{subsubsection.5.30.3.3}{\376\377\0005\000.\0003\0000\000.\0003\000.\0003\000\040\000p\000r\000i\000n\000t\000\050\000\051}{subsection.5.30.3}% 214
\BOOKMARK [1][-]{section.5.31}{\376\377\0005\000.\0003\0001\000\040\000L\000e\000v\000e\000l\000T\000w\000o\000T\000h\000r\000e\000a\000t\000\040\000C\000l\000a\000s\000s\000\040\000R\000e\000f\000e\000r\000e\000n\000c\000e}{chapter.5}% 215
\BOOKMARK [2][-]{subsection.5.31.1}{\376\377\0005\000.\0003\0001\000.\0001\000\040\000D\000e\000t\000a\000i\000l\000e\000d\000\040\000D\000e\000s\000c\000r\000i\000p\000t\000i\000o\000n}{section.5.31}% 216
\BOOKMARK [2][-]{subsection.5.31.2}{\376\377\0005\000.\0003\0001\000.\0002\000\040\000C\000o\000n\000s\000t\000r\000u\000c\000t\000o\000r\000\040\000\046\000\040\000D\000e\000s\000t\000r\000u\000c\000t\000o\000r\000\040\000D\000o\000c\000u\000m\000e\000n\000t\000a\000t\000i\000o\000n}{section.5.31}% 217
\BOOKMARK [3][-]{subsubsection.5.31.2.1}{\376\377\0005\000.\0003\0001\000.\0002\000.\0001\000\040\000L\000e\000v\000e\000l\000T\000w\000o\000T\000h\000r\000e\000a\000t\000\050\000\051}{subsection.5.31.2}% 218
\BOOKMARK [3][-]{subsubsection.5.31.2.2}{\376\377\0005\000.\0003\0001\000.\0002\000.\0002\000\040\000\040\000L\000e\000v\000e\000l\000T\000w\000o\000T\000h\000r\000e\000a\000t\000\050\000\051}{subsection.5.31.2}% 219
\BOOKMARK [2][-]{subsection.5.31.3}{\376\377\0005\000.\0003\0001\000.\0003\000\040\000M\000e\000m\000b\000e\000r\000\040\000F\000u\000n\000c\000t\000i\000o\000n\000\040\000D\000o\000c\000u\000m\000e\000n\000t\000a\000t\000i\000o\000n}{section.5.31}% 220
\BOOKMARK [3][-]{subsubsection.5.31.3.1}{\376\377\0005\000.\0003\0001\000.\0003\000.\0001\000\040\000d\000e\000c\000r\000e\000a\000s\000e\000T\000h\000r\000e\000a\000t\000L\000e\000v\000e\000l\000\050\000\051}{subsection.5.31.3}% 221
\BOOKMARK [3][-]{subsubsection.5.31.3.2}{\376\377\0005\000.\0003\0001\000.\0003\000.\0002\000\040\000i\000n\000c\000r\000e\000a\000s\000e\000T\000h\000r\000e\000a\000t\000L\000e\000v\000e\000l\000\050\000\051}{subsection.5.31.3}% 222
\BOOKMARK [3][-]{subsubsection.5.31.3.3}{\376\377\0005\000.\0003\0001\000.\0003\000.\0003\000\040\000p\000r\000i\000n\000t\000\050\000\051}{subsection.5.31.3}% 223
\BOOKMARK [1][-]{section.5.32}{\376\377\0005\000.\0003\0002\000\040\000M\000e\000m\000e\000n\000t\000o\000\040\000C\000l\000a\000s\000s\000\040\000R\000e\000f\000e\000r\000e\000n\000c\000e}{chapter.5}% 224
\BOOKMARK [2][-]{subsection.5.32.1}{\376\377\0005\000.\0003\0002\000.\0001\000\040\000D\000e\000t\000a\000i\000l\000e\000d\000\040\000D\000e\000s\000c\000r\000i\000p\000t\000i\000o\000n}{section.5.32}% 225
\BOOKMARK [2][-]{subsection.5.32.2}{\376\377\0005\000.\0003\0002\000.\0002\000\040\000C\000o\000n\000s\000t\000r\000u\000c\000t\000o\000r\000\040\000\046\000\040\000D\000e\000s\000t\000r\000u\000c\000t\000o\000r\000\040\000D\000o\000c\000u\000m\000e\000n\000t\000a\000t\000i\000o\000n}{section.5.32}% 226
\BOOKMARK [3][-]{subsubsection.5.32.2.1}{\376\377\0005\000.\0003\0002\000.\0002\000.\0001\000\040\000\040\000M\000e\000m\000e\000n\000t\000o\000\050\000\051}{subsection.5.32.2}% 227
\BOOKMARK [1][-]{section.5.33}{\376\377\0005\000.\0003\0003\000\040\000M\000i\000n\000i\000n\000g\000S\000t\000r\000a\000t\000e\000g\000y\000\040\000C\000l\000a\000s\000s\000\040\000R\000e\000f\000e\000r\000e\000n\000c\000e}{chapter.5}% 228
\BOOKMARK [2][-]{subsection.5.33.1}{\376\377\0005\000.\0003\0003\000.\0001\000\040\000D\000e\000t\000a\000i\000l\000e\000d\000\040\000D\000e\000s\000c\000r\000i\000p\000t\000i\000o\000n}{section.5.33}% 229
\BOOKMARK [2][-]{subsection.5.33.2}{\376\377\0005\000.\0003\0003\000.\0002\000\040\000C\000o\000n\000s\000t\000r\000u\000c\000t\000o\000r\000\040\000\046\000\040\000D\000e\000s\000t\000r\000u\000c\000t\000o\000r\000\040\000D\000o\000c\000u\000m\000e\000n\000t\000a\000t\000i\000o\000n}{section.5.33}% 230
\BOOKMARK [3][-]{subsubsection.5.33.2.1}{\376\377\0005\000.\0003\0003\000.\0002\000.\0001\000\040\000\040\000M\000i\000n\000i\000n\000g\000S\000t\000r\000a\000t\000e\000g\000y\000\050\000\051}{subsection.5.33.2}% 231
\BOOKMARK [2][-]{subsection.5.33.3}{\376\377\0005\000.\0003\0003\000.\0003\000\040\000M\000e\000m\000b\000e\000r\000\040\000F\000u\000n\000c\000t\000i\000o\000n\000\040\000D\000o\000c\000u\000m\000e\000n\000t\000a\000t\000i\000o\000n}{section.5.33}% 232
\BOOKMARK [3][-]{subsubsection.5.33.3.1}{\376\377\0005\000.\0003\0003\000.\0003\000.\0001\000\040\000e\000x\000e\000c\000u\000t\000e\000\050\000\051}{subsection.5.33.3}% 233
\BOOKMARK [1][-]{section.5.34}{\376\377\0005\000.\0003\0004\000\040\000N\000a\000v\000i\000g\000a\000t\000o\000r\000\040\000C\000l\000a\000s\000s\000\040\000R\000e\000f\000e\000r\000e\000n\000c\000e}{chapter.5}% 234
\BOOKMARK [2][-]{subsection.5.34.1}{\376\377\0005\000.\0003\0004\000.\0001\000\040\000D\000e\000t\000a\000i\000l\000e\000d\000\040\000D\000e\000s\000c\000r\000i\000p\000t\000i\000o\000n}{section.5.34}% 235
\BOOKMARK [2][-]{subsection.5.34.2}{\376\377\0005\000.\0003\0004\000.\0002\000\040\000C\000o\000n\000s\000t\000r\000u\000c\000t\000o\000r\000\040\000\046\000\040\000D\000e\000s\000t\000r\000u\000c\000t\000o\000r\000\040\000D\000o\000c\000u\000m\000e\000n\000t\000a\000t\000i\000o\000n}{section.5.34}% 236
\BOOKMARK [3][-]{subsubsection.5.34.2.1}{\376\377\0005\000.\0003\0004\000.\0002\000.\0001\000\040\000N\000a\000v\000i\000g\000a\000t\000o\000r\000\050\000\051}{subsection.5.34.2}% 237
\BOOKMARK [3][-]{subsubsection.5.34.2.2}{\376\377\0005\000.\0003\0004\000.\0002\000.\0002\000\040\000\040\000N\000a\000v\000i\000g\000a\000t\000o\000r\000\050\000\051}{subsection.5.34.2}% 238
\BOOKMARK [2][-]{subsection.5.34.3}{\376\377\0005\000.\0003\0004\000.\0003\000\040\000M\000e\000m\000b\000e\000r\000\040\000F\000u\000n\000c\000t\000i\000o\000n\000\040\000D\000o\000c\000u\000m\000e\000n\000t\000a\000t\000i\000o\000n}{section.5.34}% 239
\BOOKMARK [3][-]{subsubsection.5.34.3.1}{\376\377\0005\000.\0003\0004\000.\0003\000.\0001\000\040\000r\000e\000c\000i\000e\000v\000e\000S\000p\000a\000c\000e\000s\000h\000i\000p\000E\000r\000r\000o\000r\000\050\000\051}{subsection.5.34.3}% 240
\BOOKMARK [3][-]{subsubsection.5.34.3.2}{\376\377\0005\000.\0003\0004\000.\0003\000.\0002\000\040\000s\000e\000n\000d\000E\000r\000r\000o\000r\000M\000e\000s\000s\000a\000g\000e\000\050\000\051}{subsection.5.34.3}% 241
\BOOKMARK [1][-]{section.5.35}{\376\377\0005\000.\0003\0005\000\040\000N\000a\000v\000i\000g\000a\000t\000o\000r\000F\000a\000c\000t\000o\000r\000y\000\040\000C\000l\000a\000s\000s\000\040\000R\000e\000f\000e\000r\000e\000n\000c\000e}{chapter.5}% 242
\BOOKMARK [2][-]{subsection.5.35.1}{\376\377\0005\000.\0003\0005\000.\0001\000\040\000D\000e\000t\000a\000i\000l\000e\000d\000\040\000D\000e\000s\000c\000r\000i\000p\000t\000i\000o\000n}{section.5.35}% 243
\BOOKMARK [2][-]{subsection.5.35.2}{\376\377\0005\000.\0003\0005\000.\0002\000\040\000C\000o\000n\000s\000t\000r\000u\000c\000t\000o\000r\000\040\000\046\000\040\000D\000e\000s\000t\000r\000u\000c\000t\000o\000r\000\040\000D\000o\000c\000u\000m\000e\000n\000t\000a\000t\000i\000o\000n}{section.5.35}% 244
\BOOKMARK [3][-]{subsubsection.5.35.2.1}{\376\377\0005\000.\0003\0005\000.\0002\000.\0001\000\040\000N\000a\000v\000i\000g\000a\000t\000o\000r\000F\000a\000c\000t\000o\000r\000y\000\050\000\051}{subsection.5.35.2}% 245
\BOOKMARK [3][-]{subsubsection.5.35.2.2}{\376\377\0005\000.\0003\0005\000.\0002\000.\0002\000\040\000\040\000N\000a\000v\000i\000g\000a\000t\000o\000r\000F\000a\000c\000t\000o\000r\000y\000\050\000\051}{subsection.5.35.2}% 246
\BOOKMARK [1][-]{section.5.36}{\376\377\0005\000.\0003\0006\000\040\000P\000e\000o\000p\000l\000e\000\040\000C\000l\000a\000s\000s\000\040\000R\000e\000f\000e\000r\000e\000n\000c\000e}{chapter.5}% 247
\BOOKMARK [2][-]{subsection.5.36.1}{\376\377\0005\000.\0003\0006\000.\0001\000\040\000D\000e\000t\000a\000i\000l\000e\000d\000\040\000D\000e\000s\000c\000r\000i\000p\000t\000i\000o\000n}{section.5.36}% 248
\BOOKMARK [2][-]{subsection.5.36.2}{\376\377\0005\000.\0003\0006\000.\0002\000\040\000C\000o\000n\000s\000t\000r\000u\000c\000t\000o\000r\000\040\000\046\000\040\000D\000e\000s\000t\000r\000u\000c\000t\000o\000r\000\040\000D\000o\000c\000u\000m\000e\000n\000t\000a\000t\000i\000o\000n}{section.5.36}% 249
\BOOKMARK [3][-]{subsubsection.5.36.2.1}{\376\377\0005\000.\0003\0006\000.\0002\000.\0001\000\040\000P\000e\000o\000p\000l\000e\000\050\000\051}{subsection.5.36.2}% 250
\BOOKMARK [3][-]{subsubsection.5.36.2.2}{\376\377\0005\000.\0003\0006\000.\0002\000.\0002\000\040\000\040\000P\000e\000o\000p\000l\000e\000\050\000\051}{subsection.5.36.2}% 251
\BOOKMARK [2][-]{subsection.5.36.3}{\376\377\0005\000.\0003\0006\000.\0003\000\040\000M\000e\000m\000b\000e\000r\000\040\000F\000u\000n\000c\000t\000i\000o\000n\000\040\000D\000o\000c\000u\000m\000e\000n\000t\000a\000t\000i\000o\000n}{section.5.36}% 252
\BOOKMARK [3][-]{subsubsection.5.36.3.1}{\376\377\0005\000.\0003\0006\000.\0003\000.\0001\000\040\000b\000o\000a\000r\000d\000S\000h\000i\000p\000\050\000\051}{subsection.5.36.3}% 253
\BOOKMARK [3][-]{subsubsection.5.36.3.2}{\376\377\0005\000.\0003\0006\000.\0003\000.\0002\000\040\000l\000e\000a\000v\000e\000S\000h\000i\000p\000\050\000\051}{subsection.5.36.3}% 254
\BOOKMARK [3][-]{subsubsection.5.36.3.3}{\376\377\0005\000.\0003\0006\000.\0003\000.\0003\000\040\000r\000e\000c\000i\000e\000v\000e\000S\000p\000a\000c\000e\000s\000h\000i\000p\000E\000r\000r\000o\000r\000\050\000\051}{subsection.5.36.3}% 255
\BOOKMARK [3][-]{subsubsection.5.36.3.4}{\376\377\0005\000.\0003\0006\000.\0003\000.\0004\000\040\000s\000e\000n\000d\000E\000r\000r\000o\000r\000M\000e\000s\000s\000a\000g\000e\000\050\000\051}{subsection.5.36.3}% 256
\BOOKMARK [2][-]{subsection.5.36.4}{\376\377\0005\000.\0003\0006\000.\0004\000\040\000M\000e\000m\000b\000e\000r\000\040\000D\000a\000t\000a\000\040\000D\000o\000c\000u\000m\000e\000n\000t\000a\000t\000i\000o\000n}{section.5.36}% 257
\BOOKMARK [3][-]{subsubsection.5.36.4.1}{\376\377\0005\000.\0003\0006\000.\0004\000.\0001\000\040\000i\000d}{subsection.5.36.4}% 258
\BOOKMARK [3][-]{subsubsection.5.36.4.2}{\376\377\0005\000.\0003\0006\000.\0004\000.\0002\000\040\000o\000n\000b\000o\000a\000r\000d}{subsection.5.36.4}% 259
\BOOKMARK [1][-]{section.5.37}{\376\377\0005\000.\0003\0007\000\040\000P\000e\000o\000p\000l\000e\000F\000a\000c\000t\000o\000r\000y\000\040\000C\000l\000a\000s\000s\000\040\000R\000e\000f\000e\000r\000e\000n\000c\000e}{chapter.5}% 260
\BOOKMARK [2][-]{subsection.5.37.1}{\376\377\0005\000.\0003\0007\000.\0001\000\040\000D\000e\000t\000a\000i\000l\000e\000d\000\040\000D\000e\000s\000c\000r\000i\000p\000t\000i\000o\000n}{section.5.37}% 261
\BOOKMARK [2][-]{subsection.5.37.2}{\376\377\0005\000.\0003\0007\000.\0002\000\040\000C\000o\000n\000s\000t\000r\000u\000c\000t\000o\000r\000\040\000\046\000\040\000D\000e\000s\000t\000r\000u\000c\000t\000o\000r\000\040\000D\000o\000c\000u\000m\000e\000n\000t\000a\000t\000i\000o\000n}{section.5.37}% 262
\BOOKMARK [3][-]{subsubsection.5.37.2.1}{\376\377\0005\000.\0003\0007\000.\0002\000.\0001\000\040\000P\000e\000o\000p\000l\000e\000F\000a\000c\000t\000o\000r\000y\000\050\000\051}{subsection.5.37.2}% 263
\BOOKMARK [3][-]{subsubsection.5.37.2.2}{\376\377\0005\000.\0003\0007\000.\0002\000.\0002\000\040\000\040\000P\000e\000o\000p\000l\000e\000F\000a\000c\000t\000o\000r\000y\000\050\000\051}{subsection.5.37.2}% 264
\BOOKMARK [1][-]{section.5.38}{\376\377\0005\000.\0003\0008\000\040\000P\000e\000o\000p\000l\000e\000M\000e\000d\000i\000a\000t\000i\000o\000r\000\040\000C\000l\000a\000s\000s\000\040\000R\000e\000f\000e\000r\000e\000n\000c\000e}{chapter.5}% 265
\BOOKMARK [1][-]{section.5.39}{\376\377\0005\000.\0003\0009\000\040\000R\000e\000f\000u\000e\000l\000S\000t\000a\000t\000i\000o\000n\000\040\000C\000l\000a\000s\000s\000\040\000R\000e\000f\000e\000r\000e\000n\000c\000e}{chapter.5}% 266
\BOOKMARK [2][-]{subsection.5.39.1}{\376\377\0005\000.\0003\0009\000.\0001\000\040\000D\000e\000t\000a\000i\000l\000e\000d\000\040\000D\000e\000s\000c\000r\000i\000p\000t\000i\000o\000n}{section.5.39}% 267
\BOOKMARK [2][-]{subsection.5.39.2}{\376\377\0005\000.\0003\0009\000.\0002\000\040\000C\000o\000n\000s\000t\000r\000u\000c\000t\000o\000r\000\040\000\046\000\040\000D\000e\000s\000t\000r\000u\000c\000t\000o\000r\000\040\000D\000o\000c\000u\000m\000e\000n\000t\000a\000t\000i\000o\000n}{section.5.39}% 268
\BOOKMARK [3][-]{subsubsection.5.39.2.1}{\376\377\0005\000.\0003\0009\000.\0002\000.\0001\000\040\000R\000e\000f\000u\000e\000l\000S\000t\000a\000t\000i\000o\000n\000\050\000\051}{subsection.5.39.2}% 269
\BOOKMARK [3][-]{subsubsection.5.39.2.2}{\376\377\0005\000.\0003\0009\000.\0002\000.\0002\000\040\000\040\000R\000e\000f\000u\000e\000l\000S\000t\000a\000t\000i\000o\000n\000\050\000\051}{subsection.5.39.2}% 270
\BOOKMARK [2][-]{subsection.5.39.3}{\376\377\0005\000.\0003\0009\000.\0003\000\040\000M\000e\000m\000b\000e\000r\000\040\000F\000u\000n\000c\000t\000i\000o\000n\000\040\000D\000o\000c\000u\000m\000e\000n\000t\000a\000t\000i\000o\000n}{section.5.39}% 271
\BOOKMARK [3][-]{subsubsection.5.39.3.1}{\376\377\0005\000.\0003\0009\000.\0003\000.\0001\000\040\000r\000e\000f\000u\000e\000l\000S\000p\000a\000c\000e\000s\000h\000i\000p\000\050\000\051}{subsection.5.39.3}% 272
\BOOKMARK [1][-]{section.5.40}{\376\377\0005\000.\0004\0000\000\040\000S\000i\000c\000k\000B\000a\000y\000\040\000C\000l\000a\000s\000s\000\040\000R\000e\000f\000e\000r\000e\000n\000c\000e}{chapter.5}% 273
\BOOKMARK [2][-]{subsection.5.40.1}{\376\377\0005\000.\0004\0000\000.\0001\000\040\000D\000e\000t\000a\000i\000l\000e\000d\000\040\000D\000e\000s\000c\000r\000i\000p\000t\000i\000o\000n}{section.5.40}% 274
\BOOKMARK [2][-]{subsection.5.40.2}{\376\377\0005\000.\0004\0000\000.\0002\000\040\000C\000o\000n\000s\000t\000r\000u\000c\000t\000o\000r\000\040\000\046\000\040\000D\000e\000s\000t\000r\000u\000c\000t\000o\000r\000\040\000D\000o\000c\000u\000m\000e\000n\000t\000a\000t\000i\000o\000n}{section.5.40}% 275
\BOOKMARK [3][-]{subsubsection.5.40.2.1}{\376\377\0005\000.\0004\0000\000.\0002\000.\0001\000\040\000S\000i\000c\000k\000B\000a\000y\000\050\000\051}{subsection.5.40.2}% 276
\BOOKMARK [3][-]{subsubsection.5.40.2.2}{\376\377\0005\000.\0004\0000\000.\0002\000.\0002\000\040\000\040\000S\000i\000c\000k\000B\000a\000y\000\050\000\051}{subsection.5.40.2}% 277
\BOOKMARK [1][-]{section.5.41}{\376\377\0005\000.\0004\0001\000\040\000S\000l\000e\000e\000p\000i\000n\000g\000Q\000u\000a\000r\000t\000e\000r\000s\000\040\000C\000l\000a\000s\000s\000\040\000R\000e\000f\000e\000r\000e\000n\000c\000e}{chapter.5}% 278
\BOOKMARK [2][-]{subsection.5.41.1}{\376\377\0005\000.\0004\0001\000.\0001\000\040\000D\000e\000t\000a\000i\000l\000e\000d\000\040\000D\000e\000s\000c\000r\000i\000p\000t\000i\000o\000n}{section.5.41}% 279
\BOOKMARK [2][-]{subsection.5.41.2}{\376\377\0005\000.\0004\0001\000.\0002\000\040\000C\000o\000n\000s\000t\000r\000u\000c\000t\000o\000r\000\040\000\046\000\040\000D\000e\000s\000t\000r\000u\000c\000t\000o\000r\000\040\000D\000o\000c\000u\000m\000e\000n\000t\000a\000t\000i\000o\000n}{section.5.41}% 280
\BOOKMARK [3][-]{subsubsection.5.41.2.1}{\376\377\0005\000.\0004\0001\000.\0002\000.\0001\000\040\000S\000l\000e\000e\000p\000i\000n\000g\000Q\000u\000a\000r\000t\000e\000r\000s\000\050\000\051}{subsection.5.41.2}% 281
\BOOKMARK [3][-]{subsubsection.5.41.2.2}{\376\377\0005\000.\0004\0001\000.\0002\000.\0002\000\040\000\040\000S\000l\000e\000e\000p\000i\000n\000g\000Q\000u\000a\000r\000t\000e\000r\000s\000\050\000\051}{subsection.5.41.2}% 282
\BOOKMARK [1][-]{section.5.42}{\376\377\0005\000.\0004\0002\000\040\000S\000p\000a\000c\000e\000s\000h\000i\000p\000\040\000C\000l\000a\000s\000s\000\040\000R\000e\000f\000e\000r\000e\000n\000c\000e}{chapter.5}% 283
\BOOKMARK [2][-]{subsection.5.42.1}{\376\377\0005\000.\0004\0002\000.\0001\000\040\000D\000e\000t\000a\000i\000l\000e\000d\000\040\000D\000e\000s\000c\000r\000i\000p\000t\000i\000o\000n}{section.5.42}% 284
\BOOKMARK [2][-]{subsection.5.42.2}{\376\377\0005\000.\0004\0002\000.\0002\000\040\000C\000o\000n\000s\000t\000r\000u\000c\000t\000o\000r\000\040\000\046\000\040\000D\000e\000s\000t\000r\000u\000c\000t\000o\000r\000\040\000D\000o\000c\000u\000m\000e\000n\000t\000a\000t\000i\000o\000n}{section.5.42}% 285
\BOOKMARK [3][-]{subsubsection.5.42.2.1}{\376\377\0005\000.\0004\0002\000.\0002\000.\0001\000\040\000S\000p\000a\000c\000e\000s\000h\000i\000p\000\050\000\051\000\040\000[\0001\000/\0002\000]}{subsection.5.42.2}% 286
\BOOKMARK [3][-]{subsubsection.5.42.2.2}{\376\377\0005\000.\0004\0002\000.\0002\000.\0002\000\040\000S\000p\000a\000c\000e\000s\000h\000i\000p\000\050\000\051\000\040\000[\0002\000/\0002\000]}{subsection.5.42.2}% 287
\BOOKMARK [2][-]{subsection.5.42.3}{\376\377\0005\000.\0004\0002\000.\0003\000\040\000M\000e\000m\000b\000e\000r\000\040\000F\000u\000n\000c\000t\000i\000o\000n\000\040\000D\000o\000c\000u\000m\000e\000n\000t\000a\000t\000i\000o\000n}{section.5.42}% 288
\BOOKMARK [3][-]{subsubsection.5.42.3.1}{\376\377\0005\000.\0004\0002\000.\0003\000.\0001\000\040\000a\000d\000d\000C\000o\000m\000p\000o\000n\000e\000n\000t\000\050\000\051}{subsection.5.42.3}% 289
\BOOKMARK [3][-]{subsubsection.5.42.3.2}{\376\377\0005\000.\0004\0002\000.\0003\000.\0002\000\040\000a\000d\000d\000L\000o\000g\000\050\000\051}{subsection.5.42.3}% 290
\BOOKMARK [3][-]{subsubsection.5.42.3.3}{\376\377\0005\000.\0004\0002\000.\0003\000.\0003\000\040\000a\000d\000d\000P\000a\000s\000s\000e\000n\000g\000e\000r\000\050\000\051}{subsection.5.42.3}% 291
\BOOKMARK [3][-]{subsubsection.5.42.3.4}{\376\377\0005\000.\0004\0002\000.\0003\000.\0004\000\040\000b\000r\000o\000a\000d\000c\000a\000s\000t\000\050\000\051}{subsection.5.42.3}% 292
\BOOKMARK [3][-]{subsubsection.5.42.3.5}{\376\377\0005\000.\0004\0002\000.\0003\000.\0005\000\040\000e\000n\000t\000e\000r\000S\000h\000i\000p\000\050\000\051}{subsection.5.42.3}% 293
\BOOKMARK [3][-]{subsubsection.5.42.3.6}{\376\377\0005\000.\0004\0002\000.\0003\000.\0006\000\040\000e\000x\000i\000t\000S\000h\000i\000p\000\050\000\051}{subsection.5.42.3}% 294
\BOOKMARK [3][-]{subsubsection.5.42.3.7}{\376\377\0005\000.\0004\0002\000.\0003\000.\0007\000\040\000p\000r\000i\000n\000t\000C\000a\000p\000t\000a\000i\000n\000s\000L\000o\000g\000\050\000\051}{subsection.5.42.3}% 295
\BOOKMARK [3][-]{subsubsection.5.42.3.8}{\376\377\0005\000.\0004\0002\000.\0003\000.\0008\000\040\000r\000e\000m\000o\000v\000e\000P\000a\000s\000s\000e\000n\000g\000e\000r\000\050\000\051}{subsection.5.42.3}% 296
\BOOKMARK [1][-]{section.5.43}{\376\377\0005\000.\0004\0003\000\040\000S\000p\000a\000c\000e\000s\000h\000i\000p\000D\000e\000c\000o\000r\000a\000t\000o\000r\000\040\000C\000l\000a\000s\000s\000\040\000R\000e\000f\000e\000r\000e\000n\000c\000e}{chapter.5}% 297
\BOOKMARK [2][-]{subsection.5.43.1}{\376\377\0005\000.\0004\0003\000.\0001\000\040\000D\000e\000t\000a\000i\000l\000e\000d\000\040\000D\000e\000s\000c\000r\000i\000p\000t\000i\000o\000n}{section.5.43}% 298
\BOOKMARK [2][-]{subsection.5.43.2}{\376\377\0005\000.\0004\0003\000.\0002\000\040\000C\000o\000n\000s\000t\000r\000u\000c\000t\000o\000r\000\040\000\046\000\040\000D\000e\000s\000t\000r\000u\000c\000t\000o\000r\000\040\000D\000o\000c\000u\000m\000e\000n\000t\000a\000t\000i\000o\000n}{section.5.43}% 299
\BOOKMARK [3][-]{subsubsection.5.43.2.1}{\376\377\0005\000.\0004\0003\000.\0002\000.\0001\000\040\000S\000p\000a\000c\000e\000s\000h\000i\000p\000D\000e\000c\000o\000r\000a\000t\000o\000r\000\050\000\051}{subsection.5.43.2}% 300
\BOOKMARK [3][-]{subsubsection.5.43.2.2}{\376\377\0005\000.\0004\0003\000.\0002\000.\0002\000\040\000\040\000S\000p\000a\000c\000e\000s\000h\000i\000p\000D\000e\000c\000o\000r\000a\000t\000o\000r\000\050\000\051}{subsection.5.43.2}% 301
\BOOKMARK [2][-]{subsection.5.43.3}{\376\377\0005\000.\0004\0003\000.\0003\000\040\000M\000e\000m\000b\000e\000r\000\040\000F\000u\000n\000c\000t\000i\000o\000n\000\040\000D\000o\000c\000u\000m\000e\000n\000t\000a\000t\000i\000o\000n}{section.5.43}% 302
\BOOKMARK [3][-]{subsubsection.5.43.3.1}{\376\377\0005\000.\0004\0003\000.\0003\000.\0001\000\040\000a\000d\000d\000C\000o\000m\000p\000o\000n\000e\000n\000t\000\050\000\051}{subsection.5.43.3}% 303
\BOOKMARK [1][-]{section.5.44}{\376\377\0005\000.\0004\0004\000\040\000S\000p\000a\000c\000e\000s\000h\000i\000p\000F\000a\000c\000t\000o\000r\000y\000\040\000C\000l\000a\000s\000s\000\040\000R\000e\000f\000e\000r\000e\000n\000c\000e}{chapter.5}% 304
\BOOKMARK [2][-]{subsection.5.44.1}{\376\377\0005\000.\0004\0004\000.\0001\000\040\000M\000e\000m\000b\000e\000r\000\040\000F\000u\000n\000c\000t\000i\000o\000n\000\040\000D\000o\000c\000u\000m\000e\000n\000t\000a\000t\000i\000o\000n}{section.5.44}% 305
\BOOKMARK [3][-]{subsubsection.5.44.1.1}{\376\377\0005\000.\0004\0004\000.\0001\000.\0001\000\040\000s\000p\000a\000c\000e\000S\000h\000i\000p\000F\000a\000c\000t\000o\000r\000y\000M\000e\000t\000h\000o\000d\000\050\000\051}{subsection.5.44.1}% 306
\BOOKMARK [1][-]{section.5.45}{\376\377\0005\000.\0004\0005\000\040\000S\000p\000a\000c\000e\000s\000h\000i\000p\000T\000r\000a\000n\000s\000p\000o\000r\000t\000e\000r\000\040\000C\000l\000a\000s\000s\000\040\000R\000e\000f\000e\000r\000e\000n\000c\000e}{chapter.5}% 307
\BOOKMARK [2][-]{subsection.5.45.1}{\376\377\0005\000.\0004\0005\000.\0001\000\040\000D\000e\000t\000a\000i\000l\000e\000d\000\040\000D\000e\000s\000c\000r\000i\000p\000t\000i\000o\000n}{section.5.45}% 308
\BOOKMARK [2][-]{subsection.5.45.2}{\376\377\0005\000.\0004\0005\000.\0002\000\040\000C\000o\000n\000s\000t\000r\000u\000c\000t\000o\000r\000\040\000\046\000\040\000D\000e\000s\000t\000r\000u\000c\000t\000o\000r\000\040\000D\000o\000c\000u\000m\000e\000n\000t\000a\000t\000i\000o\000n}{section.5.45}% 309
\BOOKMARK [3][-]{subsubsection.5.45.2.1}{\376\377\0005\000.\0004\0005\000.\0002\000.\0001\000\040\000S\000p\000a\000c\000e\000s\000h\000i\000p\000T\000r\000a\000n\000s\000p\000o\000r\000t\000e\000r\000\050\000\051}{subsection.5.45.2}% 310
\BOOKMARK [3][-]{subsubsection.5.45.2.2}{\376\377\0005\000.\0004\0005\000.\0002\000.\0002\000\040\000\040\000S\000p\000a\000c\000e\000s\000h\000i\000p\000T\000r\000a\000n\000s\000p\000o\000r\000t\000e\000r\000\050\000\051}{subsection.5.45.2}% 311
\BOOKMARK [2][-]{subsection.5.45.3}{\376\377\0005\000.\0004\0005\000.\0003\000\040\000M\000e\000m\000b\000e\000r\000\040\000F\000u\000n\000c\000t\000i\000o\000n\000\040\000D\000o\000c\000u\000m\000e\000n\000t\000a\000t\000i\000o\000n}{section.5.45}% 312
\BOOKMARK [3][-]{subsubsection.5.45.3.1}{\376\377\0005\000.\0004\0005\000.\0003\000.\0001\000\040\000a\000d\000d\000C\000o\000m\000p\000o\000n\000e\000n\000t\000\050\000\051}{subsection.5.45.3}% 313
\BOOKMARK [1][-]{section.5.46}{\376\377\0005\000.\0004\0006\000\040\000S\000p\000a\000c\000e\000s\000h\000i\000p\000T\000r\000a\000n\000s\000p\000o\000r\000t\000e\000r\000F\000a\000c\000t\000o\000r\000y\000\040\000C\000l\000a\000s\000s\000\040\000R\000e\000f\000e\000r\000e\000n\000c\000e}{chapter.5}% 314
\BOOKMARK [2][-]{subsection.5.46.1}{\376\377\0005\000.\0004\0006\000.\0001\000\040\000D\000e\000t\000a\000i\000l\000e\000d\000\040\000D\000e\000s\000c\000r\000i\000p\000t\000i\000o\000n}{section.5.46}% 315
\BOOKMARK [2][-]{subsection.5.46.2}{\376\377\0005\000.\0004\0006\000.\0002\000\040\000C\000o\000n\000s\000t\000r\000u\000c\000t\000o\000r\000\040\000\046\000\040\000D\000e\000s\000t\000r\000u\000c\000t\000o\000r\000\040\000D\000o\000c\000u\000m\000e\000n\000t\000a\000t\000i\000o\000n}{section.5.46}% 316
\BOOKMARK [3][-]{subsubsection.5.46.2.1}{\376\377\0005\000.\0004\0006\000.\0002\000.\0001\000\040\000S\000p\000a\000c\000e\000s\000h\000i\000p\000T\000r\000a\000n\000s\000p\000o\000r\000t\000e\000r\000F\000a\000c\000t\000o\000r\000y\000\050\000\051}{subsection.5.46.2}% 317
\BOOKMARK [3][-]{subsubsection.5.46.2.2}{\376\377\0005\000.\0004\0006\000.\0002\000.\0002\000\040\000\040\000S\000p\000a\000c\000e\000s\000h\000i\000p\000T\000r\000a\000n\000s\000p\000o\000r\000t\000e\000r\000F\000a\000c\000t\000o\000r\000y\000\050\000\051}{subsection.5.46.2}% 318
\BOOKMARK [2][-]{subsection.5.46.3}{\376\377\0005\000.\0004\0006\000.\0003\000\040\000M\000e\000m\000b\000e\000r\000\040\000F\000u\000n\000c\000t\000i\000o\000n\000\040\000D\000o\000c\000u\000m\000e\000n\000t\000a\000t\000i\000o\000n}{section.5.46}% 319
\BOOKMARK [3][-]{subsubsection.5.46.3.1}{\376\377\0005\000.\0004\0006\000.\0003\000.\0001\000\040\000s\000p\000a\000c\000e\000S\000h\000i\000p\000F\000a\000c\000t\000o\000r\000y\000M\000e\000t\000h\000o\000d\000\050\000\051}{subsection.5.46.3}% 320
\BOOKMARK [1][-]{section.5.47}{\376\377\0005\000.\0004\0007\000\040\000S\000p\000a\000c\000e\000S\000t\000a\000t\000i\000o\000n\000\040\000C\000l\000a\000s\000s\000\040\000R\000e\000f\000e\000r\000e\000n\000c\000e}{chapter.5}% 321
\BOOKMARK [2][-]{subsection.5.47.1}{\376\377\0005\000.\0004\0007\000.\0001\000\040\000D\000e\000t\000a\000i\000l\000e\000d\000\040\000D\000e\000s\000c\000r\000i\000p\000t\000i\000o\000n}{section.5.47}% 322
\BOOKMARK [2][-]{subsection.5.47.2}{\376\377\0005\000.\0004\0007\000.\0002\000\040\000C\000o\000n\000s\000t\000r\000u\000c\000t\000o\000r\000\040\000\046\000\040\000D\000e\000s\000t\000r\000u\000c\000t\000o\000r\000\040\000D\000o\000c\000u\000m\000e\000n\000t\000a\000t\000i\000o\000n}{section.5.47}% 323
\BOOKMARK [3][-]{subsubsection.5.47.2.1}{\376\377\0005\000.\0004\0007\000.\0002\000.\0001\000\040\000S\000p\000a\000c\000e\000S\000t\000a\000t\000i\000o\000n\000\050\000\051\000\040\000[\0001\000/\0002\000]}{subsection.5.47.2}% 324
\BOOKMARK [3][-]{subsubsection.5.47.2.2}{\376\377\0005\000.\0004\0007\000.\0002\000.\0002\000\040\000S\000p\000a\000c\000e\000S\000t\000a\000t\000i\000o\000n\000\050\000\051\000\040\000[\0002\000/\0002\000]}{subsection.5.47.2}% 325
\BOOKMARK [3][-]{subsubsection.5.47.2.3}{\376\377\0005\000.\0004\0007\000.\0002\000.\0003\000\040\000\040\000S\000p\000a\000c\000e\000S\000t\000a\000t\000i\000o\000n\000\050\000\051}{subsection.5.47.2}% 326
\BOOKMARK [2][-]{subsection.5.47.3}{\376\377\0005\000.\0004\0007\000.\0003\000\040\000M\000e\000m\000b\000e\000r\000\040\000F\000u\000n\000c\000t\000i\000o\000n\000\040\000D\000o\000c\000u\000m\000e\000n\000t\000a\000t\000i\000o\000n}{section.5.47}% 327
\BOOKMARK [3][-]{subsubsection.5.47.3.1}{\376\377\0005\000.\0004\0007\000.\0003\000.\0001\000\040\000a\000d\000d\000C\000o\000m\000p\000o\000n\000e\000n\000t\000\050\000\051}{subsection.5.47.3}% 328
\BOOKMARK [3][-]{subsubsection.5.47.3.2}{\376\377\0005\000.\0004\0007\000.\0003\000.\0002\000\040\000d\000e\000c\000r\000e\000a\000s\000e\000T\000h\000r\000e\000a\000t\000L\000e\000v\000e\000l\000\050\000\051}{subsection.5.47.3}% 329
\BOOKMARK [3][-]{subsubsection.5.47.3.3}{\376\377\0005\000.\0004\0007\000.\0003\000.\0003\000\040\000g\000e\000t\000S\000p\000a\000c\000e\000S\000t\000a\000t\000i\000o\000n\000\050\000\051}{subsection.5.47.3}% 330
\BOOKMARK [3][-]{subsubsection.5.47.3.4}{\376\377\0005\000.\0004\0007\000.\0003\000.\0004\000\040\000i\000n\000c\000r\000e\000a\000s\000e\000T\000h\000r\000e\000a\000t\000L\000e\000v\000e\000l\000\050\000\051}{subsection.5.47.3}% 331
\BOOKMARK [3][-]{subsubsection.5.47.3.5}{\376\377\0005\000.\0004\0007\000.\0003\000.\0005\000\040\000i\000n\000s\000t\000a\000n\000c\000e\000\050\000\051}{subsection.5.47.3}% 332
\BOOKMARK [3][-]{subsubsection.5.47.3.6}{\376\377\0005\000.\0004\0007\000.\0003\000.\0006\000\040\000o\000p\000e\000r\000a\000t\000o\000r\000=\000\050\000\051}{subsection.5.47.3}% 333
\BOOKMARK [3][-]{subsubsection.5.47.3.7}{\376\377\0005\000.\0004\0007\000.\0003\000.\0007\000\040\000p\000r\000i\000n\000t\000T\000h\000r\000e\000a\000t\000L\000e\000v\000e\000l\000\050\000\051}{subsection.5.47.3}% 334
\BOOKMARK [3][-]{subsubsection.5.47.3.8}{\376\377\0005\000.\0004\0007\000.\0003\000.\0008\000\040\000u\000p\000d\000a\000t\000e\000S\000p\000a\000c\000e\000S\000t\000a\000t\000i\000o\000n\000\050\000\051}{subsection.5.47.3}% 335
\BOOKMARK [1][-]{section.5.48}{\376\377\0005\000.\0004\0008\000\040\000S\000p\000a\000c\000e\000S\000t\000a\000t\000i\000o\000n\000F\000a\000c\000t\000o\000r\000y\000\040\000C\000l\000a\000s\000s\000\040\000R\000e\000f\000e\000r\000e\000n\000c\000e}{chapter.5}% 336
\BOOKMARK [2][-]{subsection.5.48.1}{\376\377\0005\000.\0004\0008\000.\0001\000\040\000D\000e\000t\000a\000i\000l\000e\000d\000\040\000D\000e\000s\000c\000r\000i\000p\000t\000i\000o\000n}{section.5.48}% 337
\BOOKMARK [2][-]{subsection.5.48.2}{\376\377\0005\000.\0004\0008\000.\0002\000\040\000C\000o\000n\000s\000t\000r\000u\000c\000t\000o\000r\000\040\000\046\000\040\000D\000e\000s\000t\000r\000u\000c\000t\000o\000r\000\040\000D\000o\000c\000u\000m\000e\000n\000t\000a\000t\000i\000o\000n}{section.5.48}% 338
\BOOKMARK [3][-]{subsubsection.5.48.2.1}{\376\377\0005\000.\0004\0008\000.\0002\000.\0001\000\040\000S\000p\000a\000c\000e\000S\000t\000a\000t\000i\000o\000n\000F\000a\000c\000t\000o\000r\000y\000\050\000\051}{subsection.5.48.2}% 339
\BOOKMARK [3][-]{subsubsection.5.48.2.2}{\376\377\0005\000.\0004\0008\000.\0002\000.\0002\000\040\000\040\000S\000p\000a\000c\000e\000S\000t\000a\000t\000i\000o\000n\000F\000a\000c\000t\000o\000r\000y\000\050\000\051}{subsection.5.48.2}% 340
\BOOKMARK [2][-]{subsection.5.48.3}{\376\377\0005\000.\0004\0008\000.\0003\000\040\000M\000e\000m\000b\000e\000r\000\040\000F\000u\000n\000c\000t\000i\000o\000n\000\040\000D\000o\000c\000u\000m\000e\000n\000t\000a\000t\000i\000o\000n}{section.5.48}% 341
\BOOKMARK [3][-]{subsubsection.5.48.3.1}{\376\377\0005\000.\0004\0008\000.\0003\000.\0001\000\040\000s\000p\000a\000c\000e\000s\000h\000i\000p\000F\000a\000c\000t\000o\000r\000y\000M\000e\000t\000h\000o\000d\000\050\000\051}{subsection.5.48.3}% 342
\BOOKMARK [1][-]{section.5.49}{\376\377\0005\000.\0004\0009\000\040\000S\000t\000a\000t\000e\000\040\000C\000l\000a\000s\000s\000\040\000R\000e\000f\000e\000r\000e\000n\000c\000e}{chapter.5}% 343
\BOOKMARK [2][-]{subsection.5.49.1}{\376\377\0005\000.\0004\0009\000.\0001\000\040\000D\000e\000t\000a\000i\000l\000e\000d\000\040\000D\000e\000s\000c\000r\000i\000p\000t\000i\000o\000n}{section.5.49}% 344
\BOOKMARK [2][-]{subsection.5.49.2}{\376\377\0005\000.\0004\0009\000.\0002\000\040\000C\000o\000n\000s\000t\000r\000u\000c\000t\000o\000r\000\040\000\046\000\040\000D\000e\000s\000t\000r\000u\000c\000t\000o\000r\000\040\000D\000o\000c\000u\000m\000e\000n\000t\000a\000t\000i\000o\000n}{section.5.49}% 345
\BOOKMARK [3][-]{subsubsection.5.49.2.1}{\376\377\0005\000.\0004\0009\000.\0002\000.\0001\000\040\000S\000t\000a\000t\000e\000\050\000\051}{subsection.5.49.2}% 346
\BOOKMARK [3][-]{subsubsection.5.49.2.2}{\376\377\0005\000.\0004\0009\000.\0002\000.\0002\000\040\000\040\000S\000t\000a\000t\000e\000\050\000\051}{subsection.5.49.2}% 347
\BOOKMARK [2][-]{subsection.5.49.3}{\376\377\0005\000.\0004\0009\000.\0003\000\040\000M\000e\000m\000b\000e\000r\000\040\000F\000u\000n\000c\000t\000i\000o\000n\000\040\000D\000o\000c\000u\000m\000e\000n\000t\000a\000t\000i\000o\000n}{section.5.49}% 348
\BOOKMARK [3][-]{subsubsection.5.49.3.1}{\376\377\0005\000.\0004\0009\000.\0003\000.\0001\000\040\000g\000e\000t\000S\000p\000a\000c\000e\000s\000h\000i\000p\000s\000\050\000\051}{subsection.5.49.3}% 349
\BOOKMARK [1][-]{section.5.50}{\376\377\0005\000.\0005\0000\000\040\000S\000t\000r\000a\000t\000e\000g\000y\000\040\000C\000l\000a\000s\000s\000\040\000R\000e\000f\000e\000r\000e\000n\000c\000e}{chapter.5}% 350
\BOOKMARK [2][-]{subsection.5.50.1}{\376\377\0005\000.\0005\0000\000.\0001\000\040\000D\000e\000t\000a\000i\000l\000e\000d\000\040\000D\000e\000s\000c\000r\000i\000p\000t\000i\000o\000n}{section.5.50}% 351
\BOOKMARK [2][-]{subsection.5.50.2}{\376\377\0005\000.\0005\0000\000.\0002\000\040\000C\000o\000n\000s\000t\000r\000u\000c\000t\000o\000r\000\040\000\046\000\040\000D\000e\000s\000t\000r\000u\000c\000t\000o\000r\000\040\000D\000o\000c\000u\000m\000e\000n\000t\000a\000t\000i\000o\000n}{section.5.50}% 352
\BOOKMARK [3][-]{subsubsection.5.50.2.1}{\376\377\0005\000.\0005\0000\000.\0002\000.\0001\000\040\000\040\000S\000t\000r\000a\000t\000e\000g\000y\000\050\000\051}{subsection.5.50.2}% 353
\BOOKMARK [2][-]{subsection.5.50.3}{\376\377\0005\000.\0005\0000\000.\0003\000\040\000M\000e\000m\000b\000e\000r\000\040\000F\000u\000n\000c\000t\000i\000o\000n\000\040\000D\000o\000c\000u\000m\000e\000n\000t\000a\000t\000i\000o\000n}{section.5.50}% 354
\BOOKMARK [3][-]{subsubsection.5.50.3.1}{\376\377\0005\000.\0005\0000\000.\0003\000.\0001\000\040\000e\000x\000e\000c\000u\000t\000e\000\050\000\051}{subsection.5.50.3}% 355
\BOOKMARK [1][-]{section.5.51}{\376\377\0005\000.\0005\0001\000\040\000T\000h\000r\000e\000a\000t\000L\000e\000v\000e\000l\000\040\000C\000l\000a\000s\000s\000\040\000R\000e\000f\000e\000r\000e\000n\000c\000e}{chapter.5}% 356
\BOOKMARK [2][-]{subsection.5.51.1}{\376\377\0005\000.\0005\0001\000.\0001\000\040\000D\000e\000t\000a\000i\000l\000e\000d\000\040\000D\000e\000s\000c\000r\000i\000p\000t\000i\000o\000n}{section.5.51}% 357
\BOOKMARK [2][-]{subsection.5.51.2}{\376\377\0005\000.\0005\0001\000.\0002\000\040\000C\000o\000n\000s\000t\000r\000u\000c\000t\000o\000r\000\040\000\046\000\040\000D\000e\000s\000t\000r\000u\000c\000t\000o\000r\000\040\000D\000o\000c\000u\000m\000e\000n\000t\000a\000t\000i\000o\000n}{section.5.51}% 358
\BOOKMARK [3][-]{subsubsection.5.51.2.1}{\376\377\0005\000.\0005\0001\000.\0002\000.\0001\000\040\000T\000h\000r\000e\000a\000t\000L\000e\000v\000e\000l\000\050\000\051}{subsection.5.51.2}% 359
\BOOKMARK [3][-]{subsubsection.5.51.2.2}{\376\377\0005\000.\0005\0001\000.\0002\000.\0002\000\040\000\040\000T\000h\000r\000e\000a\000t\000L\000e\000v\000e\000l\000\050\000\051}{subsection.5.51.2}% 360
\BOOKMARK [2][-]{subsection.5.51.3}{\376\377\0005\000.\0005\0001\000.\0003\000\040\000M\000e\000m\000b\000e\000r\000\040\000F\000u\000n\000c\000t\000i\000o\000n\000\040\000D\000o\000c\000u\000m\000e\000n\000t\000a\000t\000i\000o\000n}{section.5.51}% 361
\BOOKMARK [3][-]{subsubsection.5.51.3.1}{\376\377\0005\000.\0005\0001\000.\0003\000.\0001\000\040\000d\000e\000c\000r\000e\000a\000s\000e\000T\000h\000r\000e\000a\000t\000L\000e\000v\000e\000l\000\050\000\051}{subsection.5.51.3}% 362
\BOOKMARK [3][-]{subsubsection.5.51.3.2}{\376\377\0005\000.\0005\0001\000.\0003\000.\0002\000\040\000i\000n\000c\000r\000e\000a\000s\000e\000T\000h\000r\000e\000a\000t\000L\000e\000v\000e\000l\000\050\000\051}{subsection.5.51.3}% 363
\BOOKMARK [3][-]{subsubsection.5.51.3.3}{\376\377\0005\000.\0005\0001\000.\0003\000.\0003\000\040\000p\000r\000i\000n\000t\000\050\000\051}{subsection.5.51.3}% 364
\BOOKMARK [1][-]{section.5.52}{\376\377\0005\000.\0005\0002\000\040\000T\000r\000a\000d\000i\000n\000g\000S\000t\000r\000a\000t\000e\000g\000y\000\040\000C\000l\000a\000s\000s\000\040\000R\000e\000f\000e\000r\000e\000n\000c\000e}{chapter.5}% 365
\BOOKMARK [2][-]{subsection.5.52.1}{\376\377\0005\000.\0005\0002\000.\0001\000\040\000D\000e\000t\000a\000i\000l\000e\000d\000\040\000D\000e\000s\000c\000r\000i\000p\000t\000i\000o\000n}{section.5.52}% 366
\BOOKMARK [2][-]{subsection.5.52.2}{\376\377\0005\000.\0005\0002\000.\0002\000\040\000C\000o\000n\000s\000t\000r\000u\000c\000t\000o\000r\000\040\000\046\000\040\000D\000e\000s\000t\000r\000u\000c\000t\000o\000r\000\040\000D\000o\000c\000u\000m\000e\000n\000t\000a\000t\000i\000o\000n}{section.5.52}% 367
\BOOKMARK [3][-]{subsubsection.5.52.2.1}{\376\377\0005\000.\0005\0002\000.\0002\000.\0001\000\040\000\040\000T\000r\000a\000d\000i\000n\000g\000S\000t\000r\000a\000t\000e\000g\000y\000\050\000\051}{subsection.5.52.2}% 368
\BOOKMARK [2][-]{subsection.5.52.3}{\376\377\0005\000.\0005\0002\000.\0003\000\040\000M\000e\000m\000b\000e\000r\000\040\000F\000u\000n\000c\000t\000i\000o\000n\000\040\000D\000o\000c\000u\000m\000e\000n\000t\000a\000t\000i\000o\000n}{section.5.52}% 369
\BOOKMARK [3][-]{subsubsection.5.52.3.1}{\376\377\0005\000.\0005\0002\000.\0003\000.\0001\000\040\000e\000x\000e\000c\000u\000t\000e\000\050\000\051}{subsection.5.52.3}% 370
\BOOKMARK [1][-]{section.5.53}{\376\377\0005\000.\0005\0003\000\040\000T\000r\000a\000n\000s\000p\000o\000r\000t\000B\000a\000y\000\040\000C\000l\000a\000s\000s\000\040\000R\000e\000f\000e\000r\000e\000n\000c\000e}{chapter.5}% 371
